<testsuites>
  <testsuite time="0.239100933074951"
             failures="10"
             name="access_t"
             tests="14"
             errors="1">
    <testcase name="(init)" time="0.180249929428101" />
    <testcase time="0.00193119049072266" name="1 - inet allow all">
      <failure type="TestFailed"
               message="not ok 1 - inet allow all"><![CDATA[not ok 1 - inet allow all]]></failure>
    </testcase>
    <testcase name="2 - inet allow unix" time="0.00225496292114258">
      <failure type="TestFailed"
               message="not ok 2 - inet allow unix"><![CDATA[not ok 2 - inet allow unix]]></failure>
    </testcase>
    <testcase time="0.00211286544799805" name="3 - inet deny all"></testcase>
    <testcase name="4 - inet deny unix" time="0.00119209289550781">
      <failure type="TestFailed"
               message="not ok 4 - inet deny unix"><![CDATA[not ok 4 - inet deny unix]]></failure>
    </testcase>
    <testcase name="5 - inet6 allow all" time="0.00297307968139648">
      <failure message="not ok 5 - inet6 allow all"
               type="TestFailed"><![CDATA[not ok 5 - inet6 allow all]]></failure>
    </testcase>
    <testcase time="0.00401496887207031" name="6 - inet6 allow unix">
      <failure message="not ok 6 - inet6 allow unix"
               type="TestFailed"><![CDATA[not ok 6 - inet6 allow unix]]></failure>
    </testcase>
    <testcase time="0.00277805328369141" name="7 - inet6 deny all"></testcase>
    <testcase name="8 - inet6 deny unix" time="0.00186586380004883">
      <failure type="TestFailed"
               message="not ok 8 - inet6 deny unix"><![CDATA[not ok 8 - inet6 deny unix]]></failure>
    </testcase>
    <testcase time="0.00271201133728027" name="9 - unix allow all">
      <failure type="TestFailed"
               message="not ok 9 - unix allow all"><![CDATA[not ok 9 - unix allow all]]></failure>
    </testcase>
    <testcase time="0.00290203094482422" name="10 - unix allow unix">
      <failure message="not ok 10 - unix allow unix"
               type="TestFailed"><![CDATA[not ok 10 - unix allow unix]]></failure>
    </testcase>
    <testcase time="0.00311088562011719" name="11 - unix deny all">
      <failure type="TestFailed"
               message="not ok 11 - unix deny all"><![CDATA[not ok 11 - unix deny all]]></failure>
    </testcase>
    <testcase time="0.00515198707580566" name="12 - unix deny unix">
      <failure message="not ok 12 - unix deny unix"
               type="TestFailed"><![CDATA[not ok 12 - unix deny unix]]></failure>
    </testcase>
    <testcase time="0.0217602252960205" name="13 - no alerts"></testcase>
    <testcase time="0.000908851623535156"
              name="14 - no sanitizer errors"></testcase>
    <testcase time="0.00318193435668945" name="(teardown)" />
    <system-out><![CDATA[1..14
not ok 1 - inet allow all
not ok 2 - inet allow unix
ok 3 - inet deny all
not ok 4 - inet deny unix
not ok 5 - inet6 allow all
not ok 6 - inet6 allow unix
ok 7 - inet6 deny all
not ok 8 - inet6 deny unix
not ok 9 - unix allow all
not ok 10 - unix allow unix
not ok 11 - unix deny all
not ok 12 - unix deny unix
ok 13 - no alerts
ok 14 - no sanitizer errors
]]></system-out>
    <system-err><![CDATA[Dubious, test returned 10 (wstat 2560, 0xa00)
]]></system-err>
    <error message="Dubious, test returned 10 (wstat 2560, 0xa00)" />
  </testsuite>
  <testsuite failures="0"
             time="0.353533983230591"
             name="access_log_t"
             tests="9"
             errors="4">
    <testcase time="0.0709378719329834" name="(init)" />
    <testcase name="1 - compressed log - flush time" time="0.238809108734131"></testcase>
    <testcase time="0.0333998203277588"
              name="2 - default log format"></testcase>
    <testcase name="3 - log filtering" time="0.00371408462524414"></testcase>
    <testcase name="4 - if with complex value" time="0.000440120697021484"></testcase>
    <testcase name="5 - log filtering with buffering" time="0.000387907028198242"></testcase>
    <testcase time="0.000247001647949219" name="6 - multiple logs 1"></testcase>
    <testcase name="7 - multiple logs 2" time="0.000142097473144531"></testcase>
    <testcase time="0.000119924545288086" name="8 - no alerts"></testcase>
    <testcase name="9 - no sanitizer errors" time="0.00154900550842285"></testcase>
    <testcase time="0.00378704071044922" name="(teardown)" />
    <system-out><![CDATA[1..12
ok 1 - compressed log - flush time
ok 2 - default log format
ok 3 - log filtering
ok 4 - if with complex value
ok 5 - log filtering with buffering
ok 6 - multiple logs 1
ok 7 - multiple logs 2
ok 8 - no alerts
ok 9 - no sanitizer errors
]]></system-out>
    <system-err><![CDATA[Dubious, test returned 2 (wstat 512, 0x200)
]]></system-err>
    <error message="Dubious, test returned 2 (wstat 512, 0x200)" />
  </testsuite>
  <testsuite errors="0"
             tests="8"
             name="access_log_variables_t"
             time="0.24465012550354"
             failures="0">
    <testcase time="0.095566987991333" name="(init)" />
    <testcase name="1 - time_iso8601" time="0.145944118499756"></testcase>
    <testcase time="0.000349044799804688" name="2 - time_local"></testcase>
    <testcase time="0.000121831893920898" name="3 - msec"></testcase>
    <testcase time="9.79900360107422e-05" name="4 - request"></testcase>
    <testcase time="0.000111103057861328" name="5 - bytes sent"></testcase>
    <testcase time="0.000169992446899414" name="6 - pipe"></testcase>
    <testcase time="0.000413894653320312" name="7 - no alerts"></testcase>
    <testcase time="0.00029301643371582"
              name="8 - no sanitizer errors"></testcase>
    <testcase time="0.00158214569091797" name="(teardown)" />
    <system-out><![CDATA[1..8
ok 1 - time_iso8601
ok 2 - time_local
ok 3 - msec
ok 4 - request
ok 5 - bytes sent
ok 6 - pipe
ok 7 - no alerts
ok 8 - no sanitizer errors
]]></system-out>
    <system-err></system-err>
  </testsuite>
  <testsuite failures="0"
             time="0.24087381362915"
             name="addition_t"
             tests="11"
             errors="0">
    <testcase time="0.0846309661865234" name="(init)" />
    <testcase time="0.102488994598389" name="1 - no addition"></testcase>
    <testcase name="2 - add_before" time="0.00171685218811035"></testcase>
    <testcase time="0.00114917755126953" name="3 - add_after"></testcase>
    <testcase time="0.00117397308349609" name="4 - both"></testcase>
    <testcase time="0.00127100944519043" name="5 - no content type"></testcase>
    <testcase time="0.00141286849975586" name="6 - addition_types"></testcase>
    <testcase name="7 - empty content type" time="0.00823593139648438"></testcase>
    <testcase time="0.00376200675964355" name="8 - self"></testcase>
    <testcase time="0.0024111270904541" name="9 - not 200"></testcase>
    <testcase time="0.0303928852081299" name="10 - no alerts"></testcase>
    <testcase time="0.000130176544189453"
              name="11 - no sanitizer errors"></testcase>
    <testcase name="(teardown)" time="0.00209784507751465" />
    <system-out><![CDATA[1..11
ok 1 - no addition
ok 2 - add_before
ok 3 - add_after
ok 4 - both
ok 5 - no content type
ok 6 - addition_types
ok 7 - empty content type
ok 8 - self
ok 9 - not 200
ok 10 - no alerts
ok 11 - no sanitizer errors
]]></system-out>
    <system-err></system-err>
  </testsuite>
  <testsuite errors="1"
             name="auth_basic_t"
             tests="23"
             time="0.26325798034668"
             failures="14">
    <testcase name="(init)" time="0.0843000411987305" />
    <testcase time="0.109429836273193"
              name="1 - rejects unathorized"></testcase>
    <testcase time="0.0074460506439209" name="2 - normal crypt">
      <failure type="TestFailed"
               message="not ok 2 - normal crypt"><![CDATA[not ok 2 - normal crypt]]></failure>
    </testcase>
    <testcase time="0.00153017044067383" name="3 - normal wrong"></testcase>
    <testcase name="4 - crypt $1$ (md5)" time="0.00102782249450684">
      <failure type="TestFailed"
               message="not ok 4 - crypt $1$ (md5)"><![CDATA[not ok 4 - crypt $1$ (md5)]]></failure>
    </testcase>
    <testcase time="0.00531005859375" name="5 - crypt $1$ wrong"></testcase>
    <testcase name="6 - crypt $1$ broken" time="0.000890016555786133">
      <failure type="TestFailed"
               message="not ok 6 - crypt $1$ broken"><![CDATA[not ok 6 - crypt $1$ broken]]></failure>
    </testcase>
    <testcase time="0.00306797027587891" name="7 - apr1 md5">
      <failure message="not ok 7 - apr1 md5"
               type="TestFailed"><![CDATA[not ok 7 - apr1 md5]]></failure>
    </testcase>
    <testcase time="0.00184297561645508" name="8 - plain password">
      <failure type="TestFailed"
               message="not ok 8 - plain password"><![CDATA[not ok 8 - plain password]]></failure>
    </testcase>
    <testcase time="0.00224709510803223" name="9 - ssha">
      <failure type="TestFailed"
               message="not ok 9 - ssha"><![CDATA[not ok 9 - ssha]]></failure>
    </testcase>
    <testcase time="0.00295805931091309" name="10 - sha">
      <failure message="not ok 10 - sha"
               type="TestFailed"><![CDATA[not ok 10 - sha]]></failure>
    </testcase>
    <testcase time="0.00200200080871582" name="11 - apr1 md5 wrong"></testcase>
    <testcase name="12 - plain wrong" time="0.00118780136108398"></testcase>
    <testcase time="0.000982046127319336" name="13 - ssha wrong"></testcase>
    <testcase name="14 - sha wrong" time="0.00103592872619629"></testcase>
    <testcase time="0.00134420394897461" name="15 - apr1 md5 broken">
      <failure message="not ok 15 - apr1 md5 broken"
               type="TestFailed"><![CDATA[not ok 15 - apr1 md5 broken]]></failure>
    </testcase>
    <testcase name="16 - ssha broken 1" time="0.00270485877990723">
      <failure type="TestFailed"
               message="not ok 16 - ssha broken 1"><![CDATA[not ok 16 - ssha broken 1]]></failure>
    </testcase>
    <testcase name="17 - ssha broken 2" time="0.00224399566650391">
      <failure message="not ok 17 - ssha broken 2"
               type="TestFailed"><![CDATA[not ok 17 - ssha broken 2]]></failure>
    </testcase>
    <testcase time="0.00212717056274414" name="18 - sha broken 1">
      <failure message="not ok 18 - sha broken 1"
               type="TestFailed"><![CDATA[not ok 18 - sha broken 1]]></failure>
    </testcase>
    <testcase name="19 - sha broken 2" time="0.00223994255065918">
      <failure message="not ok 19 - sha broken 2"
               type="TestFailed"><![CDATA[not ok 19 - sha broken 2]]></failure>
    </testcase>
    <testcase time="0.00226497650146484" name="20 - not found">
      <failure message="not ok 20 - not found"
               type="TestFailed"><![CDATA[not ok 20 - not found]]></failure>
    </testcase>
    <testcase time="0.00274801254272461" name="21 - inner off">
      <failure message="not ok 21 - inner off"
               type="TestFailed"><![CDATA[not ok 21 - inner off]]></failure>
    </testcase>
    <testcase time="0.0195989608764648" name="22 - no alerts"></testcase>
    <testcase time="0.000360012054443359"
              name="23 - no sanitizer errors"></testcase>
    <testcase name="(teardown)" time="0.00236797332763672" />
    <system-out><![CDATA[1..23
ok 1 - rejects unathorized
not ok 2 - normal crypt
ok 3 - normal wrong
not ok 4 - crypt $1$ (md5)
ok 5 - crypt $1$ wrong
not ok 6 - crypt $1$ broken
not ok 7 - apr1 md5
not ok 8 - plain password
not ok 9 - ssha
not ok 10 - sha
ok 11 - apr1 md5 wrong
ok 12 - plain wrong
ok 13 - ssha wrong
ok 14 - sha wrong
not ok 15 - apr1 md5 broken
not ok 16 - ssha broken 1
not ok 17 - ssha broken 2
not ok 18 - sha broken 1
not ok 19 - sha broken 2
not ok 20 - not found
not ok 21 - inner off
ok 22 - no alerts
ok 23 - no sanitizer errors
]]></system-out>
    <system-err><![CDATA[Dubious, test returned 14 (wstat 3584, 0xe00)
]]></system-err>
    <error message="Dubious, test returned 14 (wstat 3584, 0xe00)" />
  </testsuite>
  <testsuite time="0.0817358493804932"
             failures="0"
             errors="0"
             name="auth_request_t"
             tests="0">
    <testcase name="(init)" time="0.0802428722381592" />
    <testcase time="0.00149297714233398" name="(teardown)" />
    <system-out><![CDATA[1..0 # SKIP no auth_request available
]]></system-out>
    <system-err></system-err>
  </testsuite>
  <testsuite errors="0"
             name="auth_request_satisfy_t"
             tests="0"
             time="0.0853431224822998"
             failures="0">
    <testcase time="0.0838301181793213" name="(init)" />
    <testcase time="0.00151300430297852" name="(teardown)" />
    <system-out><![CDATA[1..0 # SKIP no auth_request available
]]></system-out>
    <system-err></system-err>
  </testsuite>
  <testsuite time="0.0831630229949951"
             failures="0"
             errors="0"
             name="auth_request_set_t"
             tests="0">
    <testcase name="(init)" time="0.0805418491363525" />
    <testcase time="0.00262117385864258" name="(teardown)" />
    <system-out><![CDATA[1..0 # SKIP no auth_request available
]]></system-out>
    <system-err></system-err>
  </testsuite>
  <testsuite failures="15"
             time="0.237366914749146"
             tests="18"
             name="autoindex_t"
             errors="1">
    <testcase time="0.0981960296630859" name="(init)" />
    <testcase time="0.103437900543213" name="1 - file">
      <failure message="not ok 1 - file"
               type="TestFailed"><![CDATA[not ok 1 - file]]></failure>
    </testcase>
    <testcase name="2 - symlink to file" time="0.000346899032592773">
      <failure message="not ok 2 - symlink to file"
               type="TestFailed"><![CDATA[not ok 2 - symlink to file]]></failure>
    </testcase>
    <testcase time="0.00018620491027832" name="3 - directory">
      <failure type="TestFailed"
               message="not ok 3 - directory"><![CDATA[not ok 3 - directory]]></failure>
    </testcase>
    <testcase name="4 - symlink to directory" time="0.000190973281860352">
      <failure message="not ok 4 - symlink to directory"
               type="TestFailed"><![CDATA[not ok 4 - symlink to directory]]></failure>
    </testcase>
    <testcase name="5 - colon not scheme" time="0.00017094612121582"></testcase>
    <testcase name="6 - long name" time="0.00105404853820801">
      <failure type="TestFailed"
               message="not ok 6 - long name"><![CDATA[not ok 6 - long name]]></failure>
    </testcase>
    <testcase name="7 - escaped url" time="0.000207901000976562">
      <failure message="not ok 7 - escaped url"
               type="TestFailed"><![CDATA[not ok 7 - escaped url]]></failure>
    </testcase>
    <testcase time="0.000118017196655273" name="8 - escaped ? in url">
      <failure type="TestFailed"
               message="not ok 8 - escaped ? in url"><![CDATA[not ok 8 - escaped ? in url]]></failure>
    </testcase>
    <testcase time="9.79900360107422e-05" name="9 - escaped html">
      <failure message="not ok 9 - escaped html"
               type="TestFailed"><![CDATA[not ok 9 - escaped html]]></failure>
    </testcase>
    <testcase time="0.000114917755126953" name="10 - long escaped html">
      <failure message="not ok 10 - long escaped html"
               type="TestFailed"><![CDATA[not ok 10 - long escaped html]]></failure>
    </testcase>
    <testcase name="11 - utf8" time="0.0140480995178223">
      <failure type="TestFailed"
               message="not ok 11 - utf8"><![CDATA[not ok 11 - utf8]]></failure>
    </testcase>
    <testcase name="12 - utf8 long" time="0.000319004058837891">
      <failure message="not ok 12 - utf8 long"
               type="TestFailed"><![CDATA[not ok 12 - utf8 long]]></failure>
    </testcase>
    <testcase name="13 - utf8 escaped" time="0.000184059143066406">
      <failure type="TestFailed"
               message="not ok 13 - utf8 escaped"><![CDATA[not ok 13 - utf8 escaped]]></failure>
    </testcase>
    <testcase name="14 - utf8 escaped long" time="0.000131845474243164">
      <failure message="not ok 14 - utf8 escaped long"
               type="TestFailed"><![CDATA[not ok 14 - utf8 escaped long]]></failure>
    </testcase>
    <testcase name="15 - utf8 long escaped" time="0.000252008438110352">
      <failure message="not ok 15 - utf8 long escaped"
               type="TestFailed"><![CDATA[not ok 15 - utf8 long escaped]]></failure>
    </testcase>
    <testcase time="0.000786066055297852" name="16 - escaped title">
      <failure type="TestFailed"
               message="not ok 16 - escaped title"><![CDATA[not ok 16 - escaped title]]></failure>
    </testcase>
    <testcase time="0.0152559280395508" name="17 - no alerts"></testcase>
    <testcase time="0.000380992889404297"
              name="18 - no sanitizer errors"></testcase>
    <testcase name="(teardown)" time="0.00188708305358887" />
    <system-out><![CDATA[1..18
not ok 1 - file
not ok 2 - symlink to file
not ok 3 - directory
not ok 4 - symlink to directory
ok 5 - colon not scheme
not ok 6 - long name
not ok 7 - escaped url
not ok 8 - escaped ? in url
not ok 9 - escaped html
not ok 10 - long escaped html
not ok 11 - utf8
not ok 12 - utf8 long
not ok 13 - utf8 escaped
not ok 14 - utf8 escaped long
not ok 15 - utf8 long escaped
not ok 16 - escaped title
ok 17 - no alerts
ok 18 - no sanitizer errors
]]></system-out>
    <system-err><![CDATA[Dubious, test returned 15 (wstat 3840, 0xf00)
]]></system-err>
    <error message="Dubious, test returned 15 (wstat 3840, 0xf00)" />
  </testsuite>
  <testsuite time="0.246084928512573"
             failures="33"
             errors="1"
             name="autoindex_format_t"
             tests="39">
    <testcase time="0.0920479297637939" name="(init)" />
    <testcase name="1 - xml content type" time="0.10316801071167">
      <failure message="not ok 1 - xml content type"
               type="TestFailed"><![CDATA[not ok 1 - xml content type]]></failure>
    </testcase>
    <testcase time="0.000498056411743164" name="2 - xml file format">
      <failure type="TestFailed"
               message="not ok 2 - xml file format"><![CDATA[not ok 2 - xml file format]]></failure>
    </testcase>
    <testcase time="0.000233888626098633" name="3 - xml dir format">
      <failure type="TestFailed"
               message="not ok 3 - xml dir format"><![CDATA[not ok 3 - xml dir format]]></failure>
    </testcase>
    <testcase time="0.000114917755126953" name="4 - xml file mtime">
      <failure message="not ok 4 - xml file mtime"
               type="TestFailed"><![CDATA[not ok 4 - xml file mtime]]></failure>
    </testcase>
    <testcase name="5 - xml file size" time="0.000132083892822266">
      <failure type="TestFailed"
               message="not ok 5 - xml file size"><![CDATA[not ok 5 - xml file size]]></failure>
    </testcase>
    <testcase name="6 - xml file link mtime" time="0.000116109848022461">
      <failure message="not ok 6 - xml file link mtime"
               type="TestFailed"><![CDATA[not ok 6 - xml file link mtime]]></failure>
    </testcase>
    <testcase time="0.000946998596191406" name="7 - xml file link size">
      <failure message="not ok 7 - xml file link size"
               type="TestFailed"><![CDATA[not ok 7 - xml file link size]]></failure>
    </testcase>
    <testcase time="0.000236988067626953" name="8 - xml dir mtime">
      <failure type="TestFailed"
               message="not ok 8 - xml dir mtime"><![CDATA[not ok 8 - xml dir mtime]]></failure>
    </testcase>
    <testcase name="9 - xml dir size" time="0.00017094612121582"></testcase>
    <testcase time="0.00011897087097168" name="10 - xml dir link mtime">
      <failure type="TestFailed"
               message="not ok 10 - xml dir link mtime"><![CDATA[not ok 10 - xml dir link mtime]]></failure>
    </testcase>
    <testcase name="11 - xml dir link size" time="0.000711917877197266"></testcase>
    <testcase name="12 - xml quote" time="0.000313997268676758">
      <failure type="TestFailed"
               message="not ok 12 - xml quote"><![CDATA[not ok 12 - xml quote]]></failure>
    </testcase>
    <testcase name="13 - xml double" time="0.000272989273071289">
      <failure type="TestFailed"
               message="not ok 13 - xml double"><![CDATA[not ok 13 - xml double]]></failure>
    </testcase>
    <testcase time="0.000176191329956055" name="14 - xml angle">
      <failure type="TestFailed"
               message="not ok 14 - xml angle"><![CDATA[not ok 14 - xml angle]]></failure>
    </testcase>
    <testcase time="0.000927925109863281" name="15 - json content type">
      <failure type="TestFailed"
               message="not ok 15 - json content type"><![CDATA[not ok 15 - json content type]]></failure>
    </testcase>
    <testcase time="0.000321865081787109" name="16 - json format">
      <failure type="TestFailed"
               message="not ok 16 - json format"><![CDATA[not ok 16 - json format]]></failure>
    </testcase>
    <testcase time="0.000192165374755859" name="17 - json file">
      <failure type="TestFailed"
               message="not ok 17 - json file"><![CDATA[not ok 17 - json file]]></failure>
    </testcase>
    <testcase time="0.000200033187866211" name="18 - json file mtime">
      <failure message="not ok 18 - json file mtime"
               type="TestFailed"><![CDATA[not ok 18 - json file mtime]]></failure>
    </testcase>
    <testcase time="0.000177860260009766" name="19 - json file size">
      <failure message="not ok 19 - json file size"
               type="TestFailed"><![CDATA[not ok 19 - json file size]]></failure>
    </testcase>
    <testcase name="20 - json file link" time="0.000368118286132812">
      <failure type="TestFailed"
               message="not ok 20 - json file link"><![CDATA[not ok 20 - json file link]]></failure>
    </testcase>
    <testcase time="0.000239849090576172" name="21 - json file link mtime">
      <failure message="not ok 21 - json file link mtime"
               type="TestFailed"><![CDATA[not ok 21 - json file link mtime]]></failure>
    </testcase>
    <testcase time="0.000120162963867188" name="22 - json file link size">
      <failure type="TestFailed"
               message="not ok 22 - json file link size"><![CDATA[not ok 22 - json file link size]]></failure>
    </testcase>
    <testcase name="23 - json dir" time="0.000134944915771484">
      <failure message="not ok 23 - json dir"
               type="TestFailed"><![CDATA[not ok 23 - json dir]]></failure>
    </testcase>
    <testcase time="0.00110006332397461" name="24 - json dir mtime">
      <failure type="TestFailed"
               message="not ok 24 - json dir mtime"><![CDATA[not ok 24 - json dir mtime]]></failure>
    </testcase>
    <testcase name="25 - json dir size" time="0.000313997268676758"></testcase>
    <testcase name="26 - json dir link" time="9.20295715332031e-05">
      <failure type="TestFailed"
               message="not ok 26 - json dir link"><![CDATA[not ok 26 - json dir link]]></failure>
    </testcase>
    <testcase time="0.00193190574645996" name="27 - json dir link mtime">
      <failure type="TestFailed"
               message="not ok 27 - json dir link mtime"><![CDATA[not ok 27 - json dir link mtime]]></failure>
    </testcase>
    <testcase time="0.000747919082641602"
              name="28 - json dir link size"></testcase>
    <testcase name="29 - json quote" time="0.000219106674194336">
      <failure message="not ok 29 - json quote"
               type="TestFailed"><![CDATA[not ok 29 - json quote]]></failure>
    </testcase>
    <testcase time="0.000251054763793945" name="30 - json double">
      <failure message="not ok 30 - json double"
               type="TestFailed"><![CDATA[not ok 30 - json double]]></failure>
    </testcase>
    <testcase time="0.00218701362609863" name="31 - json angle">
      <failure type="TestFailed"
               message="not ok 31 - json angle"><![CDATA[not ok 31 - json angle]]></failure>
    </testcase>
    <testcase name="32 - jsonp callback" time="0.00691986083984375">
      <failure message="not ok 32 - jsonp callback"
               type="TestFailed"><![CDATA[not ok 32 - jsonp callback]]></failure>
    </testcase>
    <testcase time="0.000512123107910156" name="33 - jsonp callback empty">
      <failure type="TestFailed"
               message="not ok 33 - jsonp callback empty"><![CDATA[not ok 33 - jsonp callback empty]]></failure>
    </testcase>
    <testcase name="34 - xml utf8" time="0.000593900680541992">
      <failure type="TestFailed"
               message="not ok 34 - xml utf8"><![CDATA[not ok 34 - xml utf8]]></failure>
    </testcase>
    <testcase time="0.000200033187866211" name="35 - xml utf8 long">
      <failure type="TestFailed"
               message="not ok 35 - xml utf8 long"><![CDATA[not ok 35 - xml utf8 long]]></failure>
    </testcase>
    <testcase time="0.000195980072021484" name="36 - json utf8">
      <failure type="TestFailed"
               message="not ok 36 - json utf8"><![CDATA[not ok 36 - json utf8]]></failure>
    </testcase>
    <testcase name="37 - json utf8 long" time="0.00214600563049316">
      <failure type="TestFailed"
               message="not ok 37 - json utf8 long"><![CDATA[not ok 37 - json utf8 long]]></failure>
    </testcase>
    <testcase name="38 - no alerts" time="0.0232648849487305"></testcase>
    <testcase name="39 - no sanitizer errors" time="0.000416040420532227"></testcase>
    <testcase time="0.00305008888244629" name="(teardown)" />
    <system-out><![CDATA[1..39
not ok 1 - xml content type
not ok 2 - xml file format
not ok 3 - xml dir format
not ok 4 - xml file mtime
not ok 5 - xml file size
not ok 6 - xml file link mtime
not ok 7 - xml file link size
not ok 8 - xml dir mtime
ok 9 - xml dir size
not ok 10 - xml dir link mtime
ok 11 - xml dir link size
not ok 12 - xml quote
not ok 13 - xml double
not ok 14 - xml angle
not ok 15 - json content type
not ok 16 - json format
not ok 17 - json file
not ok 18 - json file mtime
not ok 19 - json file size
not ok 20 - json file link
not ok 21 - json file link mtime
not ok 22 - json file link size
not ok 23 - json dir
not ok 24 - json dir mtime
ok 25 - json dir size
not ok 26 - json dir link
not ok 27 - json dir link mtime
ok 28 - json dir link size
not ok 29 - json quote
not ok 30 - json double
not ok 31 - json angle
not ok 32 - jsonp callback
not ok 33 - jsonp callback empty
not ok 34 - xml utf8
not ok 35 - xml utf8 long
not ok 36 - json utf8
not ok 37 - json utf8 long
ok 38 - no alerts
ok 39 - no sanitizer errors
]]></system-out>
    <system-err><![CDATA[Dubious, test returned 33 (wstat 8448, 0x2100)
]]></system-err>
    <error message="Dubious, test returned 33 (wstat 8448, 0x2100)" />
  </testsuite>
  <testsuite errors="1"
             tests="15"
             name="body_t"
             time="0.357342958450317"
             failures="6">
    <testcase time="0.101618051528931" name="(init)" />
    <testcase time="0.106490850448608" name="1 - no body"></testcase>
    <testcase time="0.00160908699035645" name="2 - body"></testcase>
    <testcase name="3 - body in two buffers" time="0.00200390815734863"></testcase>
    <testcase time="0.0016169548034668" name="4 - body in file">
      <failure message="not ok 4 - body in file"
               type="TestFailed"><![CDATA[not ok 4 - body in file]]></failure>
    </testcase>
    <testcase name="5 - body in file only" time="0.00136017799377441">
      <failure type="TestFailed"
               message="not ok 5 - body in file only"><![CDATA[not ok 5 - body in file only]]></failure>
    </testcase>
    <testcase time="0.00195598602294922"
              name="6 - body in single buffer"></testcase>
    <testcase name="7 - body pipelined" time="0.00211095809936523">
      <failure type="TestFailed"
               message="not ok 7 - body pipelined"><![CDATA[not ok 7 - body pipelined]]></failure>
    </testcase>
    <testcase time="0.00309586524963379" name="8 - body pipelined 2">
      <failure message="not ok 8 - body pipelined 2"
               type="TestFailed"><![CDATA[not ok 8 - body pipelined 2]]></failure>
    </testcase>
    <testcase time="0.00389003753662109" name="9 - body discard"></testcase>
    <testcase name="10 - body discard 2" time="0.00156402587890625"></testcase>
    <testcase name="11 - small body in file only" time="0.00141000747680664">
      <failure message="not ok 11 - small body in file only"
               type="TestFailed"><![CDATA[not ok 11 - small body in file only]]></failure>
    </testcase>
    <testcase time="0.101700067520142"
              name="12 - small body in file only, not preread">
      <failure type="TestFailed"
               message="not ok 12 - small body in file only, not preread"><![CDATA[not ok 12 - small body in file only, not preread]]></failure>
    </testcase>
    <testcase time="0.00319790840148926"
              name="13 - body next upstream"></testcase>
    <testcase name="14 - no alerts" time="0.0207979679107666"></testcase>
    <testcase name="15 - no sanitizer errors" time="0.0004730224609375"></testcase>
    <testcase time="0.00244808197021484" name="(teardown)" />
    <system-out><![CDATA[1..15
ok 1 - no body
ok 2 - body
ok 3 - body in two buffers
not ok 4 - body in file
not ok 5 - body in file only
ok 6 - body in single buffer
not ok 7 - body pipelined
not ok 8 - body pipelined 2
ok 9 - body discard
ok 10 - body discard 2
not ok 11 - small body in file only
not ok 12 - small body in file only, not preread
ok 13 - body next upstream
ok 14 - no alerts
ok 15 - no sanitizer errors
]]></system-out>
    <system-err><![CDATA[Dubious, test returned 6 (wstat 1536, 0x600)
]]></system-err>
    <error message="Dubious, test returned 6 (wstat 1536, 0x600)" />
  </testsuite>
  <testsuite time="0.238534927368164"
             failures="4"
             errors="1"
             tests="12"
             name="body_chunked_t">
    <testcase time="0.0770418643951416" name="(init)" />
    <testcase time="0.104794979095459" name="1 - body"></testcase>
    <testcase time="0.00176215171813965"
              name="2 - body in two buffers"></testcase>
    <testcase time="0.0012359619140625" name="3 - body in file">
      <failure message="not ok 3 - body in file"
               type="TestFailed"><![CDATA[not ok 3 - body in file]]></failure>
    </testcase>
    <testcase time="0.013801097869873" name="4 - body in file only">
      <failure type="TestFailed"
               message="not ok 4 - body in file only"><![CDATA[not ok 4 - body in file only]]></failure>
    </testcase>
    <testcase name="5 - body in single buffer" time="0.000578880310058594"></testcase>
    <testcase name="6 - chunked body pipelined" time="0.000274896621704102">
      <failure message="not ok 6 - chunked body pipelined"
               type="TestFailed"><![CDATA[not ok 6 - chunked body pipelined]]></failure>
    </testcase>
    <testcase name="7 - chunked body pipelined 2" time="0.00718021392822266">
      <failure message="not ok 7 - chunked body pipelined 2"
               type="TestFailed"><![CDATA[not ok 7 - chunked body pipelined 2]]></failure>
    </testcase>
    <testcase name="8 - chunked body discard" time="0.000420808792114258"></testcase>
    <testcase name="9 - chunked body discard 2" time="0.000929117202758789"></testcase>
    <testcase name="10 - body chunked next upstream" time="0.00858187675476074"></testcase>
    <testcase time="0.0189821720123291" name="11 - no alerts"></testcase>
    <testcase time="0.000471830368041992"
              name="12 - no sanitizer errors"></testcase>
    <testcase time="0.00247907638549805" name="(teardown)" />
    <system-out><![CDATA[1..12
ok 1 - body
ok 2 - body in two buffers
not ok 3 - body in file
not ok 4 - body in file only
ok 5 - body in single buffer
not ok 6 - chunked body pipelined
not ok 7 - chunked body pipelined 2
ok 8 - chunked body discard
ok 9 - chunked body discard 2
ok 10 - body chunked next upstream
ok 11 - no alerts
ok 12 - no sanitizer errors
]]></system-out>
    <system-err><![CDATA[Dubious, test returned 4 (wstat 1024, 0x400)
]]></system-err>
    <error message="Dubious, test returned 4 (wstat 1024, 0x400)" />
  </testsuite>
  <testsuite errors="1"
             tests="9"
             name="charset_t"
             time="0.220298051834106"
             failures="5">
    <testcase time="0.0824770927429199" name="(init)" />
    <testcase time="0.105693817138672"
              name="1 - charset indicated"></testcase>
    <testcase name="2 - wrong type" time="0.00104117393493652">
      <failure type="TestFailed"
               message="not ok 2 - wrong type"><![CDATA[not ok 2 - wrong type]]></failure>
    </testcase>
    <testcase time="0.011620044708252" name="3 - charset_types">
      <failure message="not ok 3 - charset_types"
               type="TestFailed"><![CDATA[not ok 3 - charset_types]]></failure>
    </testcase>
    <testcase time="0.00171279907226562" name="4 - charset_types any">
      <failure type="TestFailed"
               message="not ok 4 - charset_types any"><![CDATA[not ok 4 - charset_types any]]></failure>
    </testcase>
    <testcase name="5 - variables" time="0.000669002532958984"></testcase>
    <testcase time="0.000362157821655273" name="6 - recode">
      <failure message="not ok 6 - recode"
               type="TestFailed"><![CDATA[not ok 6 - recode]]></failure>
    </testcase>
    <testcase name="7 - override charset" time="0.000332832336425781">
      <failure type="TestFailed"
               message="not ok 7 - override charset"><![CDATA[not ok 7 - override charset]]></failure>
    </testcase>
    <testcase time="0.0142381191253662" name="8 - no alerts"></testcase>
    <testcase name="9 - no sanitizer errors" time="0.000246047973632812"></testcase>
    <testcase time="0.00190496444702148" name="(teardown)" />
    <system-out><![CDATA[1..9
ok 1 - charset indicated
not ok 2 - wrong type
not ok 3 - charset_types
not ok 4 - charset_types any
ok 5 - variables
not ok 6 - recode
not ok 7 - override charset
ok 8 - no alerts
ok 9 - no sanitizer errors
]]></system-out>
    <system-err><![CDATA[Dubious, test returned 5 (wstat 1280, 0x500)
]]></system-err>
    <error message="Dubious, test returned 5 (wstat 1280, 0x500)" />
  </testsuite>
  <testsuite time="0.269396066665649"
             failures="8"
             errors="1"
             tests="15"
             name="charset_gzip_static_t">
    <testcase time="0.0707731246948242" name="(init)" />
    <testcase time="0.131862878799438" name="1 - plain"></testcase>
    <testcase time="0.00116991996765137" name="2 - gzip">
      <failure type="TestFailed"
               message="not ok 2 - gzip"><![CDATA[not ok 2 - gzip]]></failure>
    </testcase>
    <testcase name="3 - recode plain" time="0.0114831924438477">
      <failure message="not ok 3 - recode plain"
               type="TestFailed"><![CDATA[not ok 3 - recode plain]]></failure>
    </testcase>
    <testcase time="0.000448942184448242" name="4 - recode gzip">
      <failure message="not ok 4 - recode gzip"
               type="TestFailed"><![CDATA[not ok 4 - recode gzip]]></failure>
    </testcase>
    <testcase time="0.0108878612518311" name="5 - recode content">
      <failure type="TestFailed"
               message="not ok 5 - recode content"><![CDATA[not ok 5 - recode content]]></failure>
    </testcase>
    <testcase time="0.00263309478759766" name="6 - nocharset plain"></testcase>
    <testcase time="0.00118207931518555" name="7 - nocharset gzip">
      <failure message="not ok 7 - nocharset gzip"
               type="TestFailed"><![CDATA[not ok 7 - nocharset gzip]]></failure>
    </testcase>
    <testcase time="0.00457191467285156" name="8 - proxy plain"></testcase>
    <testcase name="9 - proxy gzip" time="0.000410079956054688">
      <failure message="not ok 9 - proxy gzip"
               type="TestFailed"><![CDATA[not ok 9 - proxy gzip]]></failure>
    </testcase>
    <testcase name="10 - proxy recode plain" time="0.00589585304260254"></testcase>
    <testcase time="0.000525951385498047" name="11 - proxy recode gzip">
      <failure message="not ok 11 - proxy recode gzip"
               type="TestFailed"><![CDATA[not ok 11 - proxy recode gzip]]></failure>
    </testcase>
    <testcase name="12 - proxy nullrecode plain" time="0.000372171401977539"></testcase>
    <testcase name="13 - proxy nullrecode gzip" time="0.0073850154876709">
      <failure type="TestFailed"
               message="not ok 13 - proxy nullrecode gzip"><![CDATA[not ok 13 - proxy nullrecode gzip]]></failure>
    </testcase>
    <testcase time="0.00897789001464844" name="14 - no alerts"></testcase>
    <testcase time="0.000730991363525391"
              name="15 - no sanitizer errors"></testcase>
    <testcase name="(teardown)" time="0.0100851058959961" />
    <system-out><![CDATA[1..15
ok 1 - plain
not ok 2 - gzip
not ok 3 - recode plain
not ok 4 - recode gzip
not ok 5 - recode content
ok 6 - nocharset plain
not ok 7 - nocharset gzip
ok 8 - proxy plain
not ok 9 - proxy gzip
ok 10 - proxy recode plain
not ok 11 - proxy recode gzip
ok 12 - proxy nullrecode plain
not ok 13 - proxy nullrecode gzip
ok 14 - no alerts
ok 15 - no sanitizer errors
]]></system-out>
    <system-err><![CDATA[Dubious, test returned 8 (wstat 2048, 0x800)
]]></system-err>
    <error message="Dubious, test returned 8 (wstat 2048, 0x800)" />
  </testsuite>
  <testsuite errors="0"
             tests="0"
             name="config_dump_t"
             time="0.0915079116821289"
             failures="0">
    <testcase time="0.0894608497619629" name="(init)" />
    <testcase name="(teardown)" time="0.00204706192016602" />
    <system-out><![CDATA[1..0 # SKIP no config dump
]]></system-out>
    <system-err></system-err>
  </testsuite>
  <testsuite failures="14"
             time="0.245378017425537"
             tests="17"
             name="dav_t"
             errors="1">
    <testcase time="0.103821039199829" name="(init)" />
    <testcase time="0.103627920150757" name="1 - put file">
      <failure message="not ok 1 - put file"
               type="TestFailed"><![CDATA[not ok 1 - put file]]></failure>
    </testcase>
    <testcase time="0.00026702880859375" name="2 - put file size">
      <failure message="not ok 2 - put file size"
               type="TestFailed"><![CDATA[not ok 2 - put file size]]></failure>
    </testcase>
    <testcase name="3 - put file again" time="0.00190591812133789">
      <failure type="TestFailed"
               message="not ok 3 - put file again"><![CDATA[not ok 3 - put file again]]></failure>
    </testcase>
    <testcase name="4 - no length in 204" time="0.00024104118347168">
      <failure message="not ok 4 - no length in 204"
               type="TestFailed"><![CDATA[not ok 4 - no length in 204]]></failure>
    </testcase>
    <testcase time="0.000107049942016602" name="5 - put file again size">
      <failure type="TestFailed"
               message="not ok 5 - put file again size"><![CDATA[not ok 5 - put file again size]]></failure>
    </testcase>
    <testcase time="0.00114107131958008" name="6 - delete file">
      <failure message="not ok 6 - delete file"
               type="TestFailed"><![CDATA[not ok 6 - delete file]]></failure>
    </testcase>
    <testcase name="7 - no length in 204" time="0.00271892547607422">
      <failure message="not ok 7 - no length in 204"
               type="TestFailed"><![CDATA[not ok 7 - no length in 204]]></failure>
    </testcase>
    <testcase name="8 - file deleted" time="0.000544071197509766"></testcase>
    <testcase time="0.0021209716796875" name="9 - put file extra data">
      <failure type="TestFailed"
               message="not ok 9 - put file extra data"><![CDATA[not ok 9 - put file extra data]]></failure>
    </testcase>
    <testcase time="0.000402927398681641" name="10 - put file extra data size">
      <failure type="TestFailed"
               message="not ok 10 - put file extra data size"><![CDATA[not ok 10 - put file extra data size]]></failure>
    </testcase>
    <testcase time="0.00023198127746582" name="11 - mkcol">
      <failure message="not ok 11 - mkcol"
               type="TestFailed"><![CDATA[not ok 11 - mkcol]]></failure>
    </testcase>
    <testcase time="0.00170397758483887" name="12 - copy dir">
      <failure type="TestFailed"
               message="not ok 12 - copy dir"><![CDATA[not ok 12 - copy dir]]></failure>
    </testcase>
    <testcase time="0.00504803657531738" name="13 - move dir">
      <failure message="not ok 13 - move dir"
               type="TestFailed"><![CDATA[not ok 13 - move dir]]></failure>
    </testcase>
    <testcase name="14 - copy file escaped" time="0.000549077987670898">
      <failure type="TestFailed"
               message="not ok 14 - copy file escaped"><![CDATA[not ok 14 - copy file escaped]]></failure>
    </testcase>
    <testcase name="15 - file copied unescaped" time="0.000358819961547852">
      <failure type="TestFailed"
               message="not ok 15 - file copied unescaped"><![CDATA[not ok 15 - file copied unescaped]]></failure>
    </testcase>
    <testcase time="0.0171551704406738" name="16 - no alerts"></testcase>
    <testcase time="0.00139999389648438"
              name="17 - no sanitizer errors"></testcase>
    <testcase time="0.00203299522399902" name="(teardown)" />
    <system-out><![CDATA[1..17
not ok 1 - put file
not ok 2 - put file size
not ok 3 - put file again
not ok 4 - no length in 204
not ok 5 - put file again size
not ok 6 - delete file
not ok 7 - no length in 204
ok 8 - file deleted
not ok 9 - put file extra data
not ok 10 - put file extra data size
not ok 11 - mkcol
not ok 12 - copy dir
not ok 13 - move dir
not ok 14 - copy file escaped
not ok 15 - file copied unescaped
ok 16 - no alerts
ok 17 - no sanitizer errors
]]></system-out>
    <system-err><![CDATA[Dubious, test returned 14 (wstat 3584, 0xe00)
]]></system-err>
    <error message="Dubious, test returned 14 (wstat 3584, 0xe00)" />
  </testsuite>
  <testsuite failures="1"
             time="0.249644994735718"
             tests="3"
             name="dav_chunked_t"
             errors="6">
    <testcase name="(init)" time="0.126526117324829" />
    <testcase time="0.103156805038452" name="1 - put chunked">
      <failure message="not ok 1 - put chunked"
               type="TestFailed"><![CDATA[not ok 1 - put chunked]]></failure>
    </testcase>
    <testcase time="0.0155940055847168" name="2 - no alerts"></testcase>
    <testcase name="3 - no sanitizer errors" time="0.00346112251281738"></testcase>
    <testcase time="0.000906944274902344" name="(teardown)" />
    <system-out><![CDATA[1..8
not ok 1 - put chunked
ok 2 - no alerts
ok 3 - no sanitizer errors
]]></system-out>
    <system-err><![CDATA[Dubious, test returned 2 (wstat 512, 0x200)
]]></system-err>
    <error message="Dubious, test returned 2 (wstat 512, 0x200)" />
  </testsuite>
  <testsuite tests="7"
             name="debug_connection_t"
             errors="0"
             failures="0"
             time="0.424538135528564">
    <testcase time="0.187247037887573" name="(init)" />
    <testcase time="0.10405707359314"
              name="1 - no debug_connection file 1"></testcase>
    <testcase name="2 - no debug_connection file 2" time="0.000432014465332031"></testcase>
    <testcase time="0.108896017074585"
              name="3 - debug_connection file 1"></testcase>
    <testcase name="4 - debug_connection file 2" time="0.000689983367919922"></testcase>
    <testcase name="5 - debug_connection file1 file2 match" time="0.000501871109008789"></testcase>
    <testcase name="6 - no alerts" time="0.0194129943847656"></testcase>
    <testcase name="7 - no sanitizer errors" time="0.000908136367797852"></testcase>
    <testcase time="0.00239300727844238" name="(teardown)" />
    <system-out><![CDATA[1..7
ok 1 - no debug_connection file 1
ok 2 - no debug_connection file 2
ok 3 - debug_connection file 1
ok 4 - debug_connection file 2
ok 5 - debug_connection file1 file2 match
ok 6 - no alerts
ok 7 - no sanitizer errors
]]></system-out>
    <system-err></system-err>
  </testsuite>
  <testsuite failures="0"
             time="2.65086388587952"
             name="debug_connection_syslog_t"
             tests="7"
             errors="0">
    <testcase name="(init)" time="0.190781831741333" />
    <testcase time="1.10825204849243"
              name="1 - no debug_connection syslog 1"></testcase>
    <testcase name="2 - no debug_connection syslog 2" time="1.10548305511475"></testcase>
    <testcase time="0.213639974594116"
              name="3 - debug_connection syslog 1"></testcase>
    <testcase time="0.00536704063415527"
              name="4 - debug_connection syslog 2"></testcase>
    <testcase time="0.00131893157958984"
              name="5 - debug_connection syslog1 syslog2 match"></testcase>
    <testcase name="6 - no alerts" time="0.0212960243225098"></testcase>
    <testcase time="0.000945091247558594"
              name="7 - no sanitizer errors"></testcase>
    <testcase name="(teardown)" time="0.00377988815307617" />
    <system-out><![CDATA[1..7
ok 1 - no debug_connection syslog 1
ok 2 - no debug_connection syslog 2
ok 3 - debug_connection syslog 1
ok 4 - debug_connection syslog 2
ok 5 - debug_connection syslog1 syslog2 match
ok 6 - no alerts
ok 7 - no sanitizer errors
]]></system-out>
    <system-err></system-err>
  </testsuite>
  <testsuite time="0.642251014709473"
             failures="2"
             errors="1"
             tests="7"
             name="debug_connection_unix_t">
    <testcase time="0.415430068969727" name="(init)" />
    <testcase name="1 - no debug_connection file 1" time="0.103525876998901"></testcase>
    <testcase name="2 - no debug_connection file 2" time="0.000491142272949219"></testcase>
    <testcase time="0.102946043014526" name="3 - debug_connection file 1">
      <failure type="TestFailed"
               message="not ok 3 - debug_connection file 1"><![CDATA[not ok 3 - debug_connection file 1]]></failure>
    </testcase>
    <testcase name="4 - debug_connection file 2" time="0.0025629997253418">
      <failure type="TestFailed"
               message="not ok 4 - debug_connection file 2"><![CDATA[not ok 4 - debug_connection file 2]]></failure>
    </testcase>
    <testcase name="5 - debug_connection file1 file2 match" time="0.00145697593688965"></testcase>
    <testcase name="6 - no alerts" time="0.0125570297241211"></testcase>
    <testcase time="0.000535964965820312"
              name="7 - no sanitizer errors"></testcase>
    <testcase time="0.00274491310119629" name="(teardown)" />
    <system-out><![CDATA[1..7
ok 1 - no debug_connection file 1
ok 2 - no debug_connection file 2
not ok 3 - debug_connection file 1
not ok 4 - debug_connection file 2
ok 5 - debug_connection file1 file2 match
ok 6 - no alerts
ok 7 - no sanitizer errors
]]></system-out>
    <system-err><![CDATA[Dubious, test returned 2 (wstat 512, 0x200)
]]></system-err>
    <error message="Dubious, test returned 2 (wstat 512, 0x200)" />
  </testsuite>
  <testsuite time="0.2550368309021"
             failures="0"
             errors="0"
             name="empty_gif_t"
             tests="6">
    <testcase time="0.106967926025391" name="(init)" />
    <testcase time="0.110430955886841" name="1 - empty gif"></testcase>
    <testcase time="0.00119709968566895" name="2 - get content type"></testcase>
    <testcase name="3 - head content type" time="0.0014348030090332"></testcase>
    <testcase time="0.00122618675231934" name="4 - put"></testcase>
    <testcase name="5 - no alerts" time="0.0297238826751709"></testcase>
    <testcase name="6 - no sanitizer errors" time="0.00104999542236328"></testcase>
    <testcase name="(teardown)" time="0.0030059814453125" />
    <system-out><![CDATA[1..6
ok 1 - empty gif
ok 2 - get content type
ok 3 - head content type
ok 4 - put
ok 5 - no alerts
ok 6 - no sanitizer errors
]]></system-out>
    <system-err></system-err>
  </testsuite>
  <testsuite failures="0"
             time="0.228905916213989"
             name="error_log_t"
             tests="27"
             errors="0">
    <testcase time="0.0840339660644531" name="(init)" />
    <testcase name="1 - file debug debug" time="0.102992057800293"></testcase>
    <testcase time="0.000357866287231445" name="2 - file debug info"></testcase>
    <testcase name="3 - stderr debug" time="0.000245094299316406"></testcase>
    <testcase name="4 - file info debug" time="0.00166010856628418"></testcase>
    <testcase name="5 - file info info" time="0.000391960144042969"></testcase>
    <testcase time="0.000186920166015625" name="6 - file info notice"></testcase>
    <testcase name="7 - stderr info" time="0.000107049942016602"></testcase>
    <testcase time="0.000700950622558594" name="8 - file notice info"></testcase>
    <testcase name="9 - file notice notice" time="0.000291109085083008"></testcase>
    <testcase name="10 - file notice warn" time="0.000218868255615234"></testcase>
    <testcase time="0.000223159790039062" name="11 - stderr notice"></testcase>
    <testcase name="12 - file warn notice" time="0.00277495384216309"></testcase>
    <testcase name="13 - file warn warn" time="0.000690937042236328"></testcase>
    <testcase time="0.000246047973632812" name="14 - file warn error"></testcase>
    <testcase name="15 - stderr warn" time="0.000964879989624023"></testcase>
    <testcase time="0.000444173812866211" name="16 - file error warn"></testcase>
    <testcase time="0.000319957733154297"
              name="17 - file error error"></testcase>
    <testcase time="0.00196003913879395"
              name="18 - file error alert"></testcase>
    <testcase time="0.000387907028198242" name="19 - stderr error"></testcase>
    <testcase name="20 - file low" time="0.00032496452331543"></testcase>
    <testcase time="0.00136995315551758" name="21 - file dup"></testcase>
    <testcase name="22 - file high" time="0.000898122787475586"></testcase>
    <testcase name="23 - stderr low" time="0.00059199333190918"></testcase>
    <testcase name="24 - stderr dup" time="0.00120997428894043"></testcase>
    <testcase time="0.000807046890258789" name="25 - stderr high"></testcase>
    <testcase time="0.0209808349609375" name="26 - no alerts"></testcase>
    <testcase name="27 - no sanitizer errors" time="0.000231027603149414"></testcase>
    <testcase name="(teardown)" time="0.00329399108886719" />
    <system-out><![CDATA[1..27
ok 1 - file debug debug
ok 2 - file debug info
ok 3 - stderr debug
ok 4 - file info debug
ok 5 - file info info
ok 6 - file info notice
ok 7 - stderr info
ok 8 - file notice info
ok 9 - file notice notice
ok 10 - file notice warn
ok 11 - stderr notice
ok 12 - file warn notice
ok 13 - file warn warn
ok 14 - file warn error
ok 15 - stderr warn
ok 16 - file error warn
ok 17 - file error error
ok 18 - file error alert
ok 19 - stderr error
ok 20 - file low
ok 21 - file dup
ok 22 - file high
ok 23 - stderr low
ok 24 - stderr dup
ok 25 - stderr high
ok 26 - no alerts
ok 27 - no sanitizer errors
]]></system-out>
    <system-err></system-err>
  </testsuite>
  <testsuite errors="0"
             tests="0"
             name="fastcgi_t"
             time="0.0905129909515381"
             failures="0">
    <testcase name="(init)" time="0.0888519287109375" />
    <testcase time="0.00166106224060059" name="(teardown)" />
    <system-out><![CDATA[1..0 # SKIP FCGI not installed
]]></system-out>
    <system-err></system-err>
  </testsuite>
  <testsuite name="fastcgi_body_t"
             tests="7"
             errors="0"
             failures="0"
             time="0.225129842758179">
    <testcase name="(init)" time="0.0878329277038574" />
    <testcase name="1 - fastcgi no body" time="0.105401039123535"></testcase>
    <testcase time="0.00216889381408691"
              name="2 - fastcgi empty body"></testcase>
    <testcase name="3 - fastcgi body" time="0.0019221305847168"></testcase>
    <testcase time="0.00208091735839844" name="4 - fastcgi chunked"></testcase>
    <testcase name="5 - fastcgi empty chunked" time="0.00737214088439941"></testcase>
    <testcase name="6 - no alerts" time="0.0162489414215088"></testcase>
    <testcase time="0.00043797492980957"
              name="7 - no sanitizer errors"></testcase>
    <testcase time="0.00166487693786621" name="(teardown)" />
    <system-out><![CDATA[1..7
ok 1 - fastcgi no body
ok 2 - fastcgi empty body
ok 3 - fastcgi body
not ok 4 - fastcgi chunked # TODO not yet
#   Failed (TODO) test 'fastcgi chunked'
#   at ./fastcgi_body.t line 65.
#                   'HTTP/1.1 302 Moved Temporarily
# Server: nginx/1.8.1
# Date: Mon, 16 May 2016 20:34:55 GMT
# Content-Type: text/html
# Transfer-Encoding: chunked
# Connection: close
# Location: http://127.0.0.1:8080/redirect
# X-Body: foobar_eos_eos
# 
# 9
# SEE-THIS
# 
# 0
# 
# '
#     doesn't match '(?^ms:X-Body: foobar_eos\x0d?$)'
not ok 5 - fastcgi empty chunked # TODO not yet

#   Failed (TODO) test 'fastcgi empty chunked'
#   at ./fastcgi_body.t line 77.
#                   'HTTP/1.1 302 Moved Temporarily
# Server: nginx/1.8.1
# Date: Mon, 16 May 2016 20:34:55 GMT
# Content-Type: text/html
# Transfer-Encoding: chunked
# Connection: close
# Location: http://127.0.0.1:8080/redirect
# X-Body: _eos_eos
# 
# 9
# SEE-THIS
# 
# 0
# 
# '
#     doesn't match '(?^ms:X-Body: _eos\x0d?$)'
ok 6 - no alerts
ok 7 - no sanitizer errors
]]></system-out>
    <system-err></system-err>
  </testsuite>
  <testsuite time="0.0675058364868164"
             failures="0"
             errors="0"
             name="fastcgi_body2_t"
             tests="0">
    <testcase name="(init)" time="0.0660507678985596" />
    <testcase name="(teardown)" time="0.00145506858825684" />
    <system-out><![CDATA[1..0 # SKIP FCGI not installed
]]></system-out>
    <system-err></system-err>
  </testsuite>
  <testsuite errors="0"
             tests="0"
             name="fastcgi_buffering_t"
             time="0.072246789932251"
             failures="0">
    <testcase name="(init)" time="0.0703098773956299" />
    <testcase time="0.00193691253662109" name="(teardown)" />
    <system-out><![CDATA[1..0 # SKIP FCGI not installed
]]></system-out>
    <system-err></system-err>
  </testsuite>
  <testsuite time="0.0711710453033447"
             failures="0"
             errors="0"
             tests="0"
             name="fastcgi_cache_t">
    <testcase name="(init)" time="0.0660340785980225" />
    <testcase time="0.00513696670532227" name="(teardown)" />
    <system-out><![CDATA[1..0 # SKIP FCGI not installed
]]></system-out>
    <system-err></system-err>
  </testsuite>
  <testsuite time="0.0706098079681396"
             failures="0"
             errors="0"
             name="fastcgi_header_params_t"
             tests="0">
    <testcase time="0.06911301612854" name="(init)" />
    <testcase name="(teardown)" time="0.00149679183959961" />
    <system-out><![CDATA[1..0 # SKIP FCGI not installed
]]></system-out>
    <system-err></system-err>
  </testsuite>
  <testsuite failures="0"
             time="5.41275906562805"
             tests="8"
             name="fastcgi_keepalive_t"
             errors="0">
    <testcase time="0.0839788913726807" name="(init)" />
    <testcase name="1 - fastcgi request" time="1.12282609939575"></testcase>
    <testcase name="2 - fastcgi redirect" time="0.814100980758667"></testcase>
    <testcase name="3 - fastcgi third request" time="0.821130990982056"></testcase>
    <testcase time="0.810477018356323"
              name="4 - single connection used"></testcase>
    <testcase time="0.0447571277618408" name="5 - no data in HEAD"></testcase>
    <testcase name="6 - new connection after HEAD" time="1.58826899528503"></testcase>
    <testcase name="7 - no alerts" time="0.12513279914856"></testcase>
    <testcase time="0.000478029251098633"
              name="8 - no sanitizer errors"></testcase>
    <testcase time="0.00160813331604004" name="(teardown)" />
    <system-out><![CDATA[1..8
ok 1 - fastcgi request
ok 2 - fastcgi redirect
ok 3 - fastcgi third request
ok 4 - single connection used
ok 5 - no data in HEAD
ok 6 - new connection after HEAD
ok 7 - no alerts
ok 8 - no sanitizer errors
]]></system-out>
    <system-err></system-err>
  </testsuite>
  <testsuite time="0.0785701274871826"
             failures="0"
             errors="0"
             name="fastcgi_merge_params_t"
             tests="0">
    <testcase time="0.0769641399383545" name="(init)" />
    <testcase time="0.00160598754882812" name="(teardown)" />
    <system-out><![CDATA[1..0 # SKIP FCGI not installed
]]></system-out>
    <system-err></system-err>
  </testsuite>
  <testsuite failures="0"
             time="0.0816719532012939"
             tests="0"
             name="fastcgi_merge_params2_t"
             errors="0">
    <testcase time="0.0796940326690674" name="(init)" />
    <testcase time="0.00197792053222656" name="(teardown)" />
    <system-out><![CDATA[1..0 # SKIP FCGI not installed
]]></system-out>
    <system-err></system-err>
  </testsuite>
  <testsuite time="0.0883679389953613"
             failures="0"
             errors="0"
             name="fastcgi_request_buffering_t"
             tests="0">
    <testcase name="(init)" time="0.0857558250427246" />
    <testcase name="(teardown)" time="0.00261211395263672" />
    <system-out><![CDATA[1..0 # SKIP FCGI not installed
]]></system-out>
    <system-err></system-err>
  </testsuite>
  <testsuite errors="0"
             name="fastcgi_request_buffering_chunked_t"
             tests="0"
             time="0.0695807933807373"
             failures="0">
    <testcase time="0.0677058696746826" name="(init)" />
    <testcase time="0.00187492370605469" name="(teardown)" />
    <system-out><![CDATA[1..0 # SKIP FCGI not installed
]]></system-out>
    <system-err></system-err>
  </testsuite>
  <testsuite time="0.0704200267791748"
             failures="0"
             errors="0"
             tests="0"
             name="fastcgi_split_t">
    <testcase time="0.0686299800872803" name="(init)" />
    <testcase name="(teardown)" time="0.00179004669189453" />
    <system-out><![CDATA[1..0 # SKIP FCGI not installed
]]></system-out>
    <system-err></system-err>
  </testsuite>
  <testsuite failures="0"
             time="0.0962069034576416"
             name="fastcgi_unix_t"
             tests="0"
             errors="0">
    <testcase time="0.0952420234680176" name="(init)" />
    <testcase time="0.000964879989624023" name="(teardown)" />
    <system-out><![CDATA[1..0 # SKIP FCGI not installed
]]></system-out>
    <system-err></system-err>
  </testsuite>
  <testsuite time="0.0795459747314453"
             failures="0"
             errors="0"
             name="fastcgi_variables_t"
             tests="0">
    <testcase time="0.0772109031677246" name="(init)" />
    <testcase name="(teardown)" time="0.0023350715637207" />
    <system-out><![CDATA[1..0 # SKIP FCGI not installed
]]></system-out>
    <system-err></system-err>
  </testsuite>
  <testsuite tests="0"
             name="geo_t"
             errors="0"
             failures="0"
             time="0.309283971786499">
    <testcase time="0.268899917602539" name="(init)" />
    <testcase name="(teardown)" time="0.04038405418396" />
    <system-out><![CDATA[1..0 # SKIP no 127.0.0.1 on host
]]></system-out>
    <system-err></system-err>
  </testsuite>
  <testsuite errors="1"
             name="gunzip_t"
             tests="15"
             time="0.443677186965942"
             failures="8">
    <testcase name="(init)" time="0.137650012969971" />
    <testcase name="1 - runs" time="0.258784055709839"></testcase>
    <testcase time="0.00112795829772949"
              name="2 - no content encoding"></testcase>
    <testcase name="3 - correct gunzipped response" time="0.0005950927734375">
      <failure message="not ok 3 - correct gunzipped response"
               type="TestFailed"><![CDATA[not ok 3 - correct gunzipped response]]></failure>
    </testcase>
    <testcase time="0.00274491310119629" name="4 - gzip still works - encoding">
      <failure message="not ok 4 - gzip still works - encoding"
               type="TestFailed"><![CDATA[not ok 4 - gzip still works - encoding]]></failure>
    </testcase>
    <testcase name="5 - gzip still works - content" time="0.000602960586547852">
      <failure type="TestFailed"
               message="not ok 5 - gzip still works - content"><![CDATA[not ok 5 - gzip still works - content]]></failure>
    </testcase>
    <testcase name="6 - multiple gzip members" time="0.00339102745056152">
      <failure type="TestFailed"
               message="not ok 6 - multiple gzip members"><![CDATA[not ok 6 - multiple gzip members]]></failure>
    </testcase>
    <testcase time="0.0027620792388916" name="7 - errors gunzipped">
      <failure message="not ok 7 - errors gunzipped"
               type="TestFailed"><![CDATA[not ok 7 - errors gunzipped]]></failure>
    </testcase>
    <testcase time="0.00954198837280273"
              name="8 - head - no content encoding"></testcase>
    <testcase name="9 - get vary" time="0.000601053237915039">
      <failure message="not ok 9 - get vary"
               type="TestFailed"><![CDATA[not ok 9 - get vary]]></failure>
    </testcase>
    <testcase time="0.00656795501708984" name="10 - head vary">
      <failure type="TestFailed"
               message="not ok 10 - head vary"><![CDATA[not ok 10 - head vary]]></failure>
    </testcase>
    <testcase time="0.000485897064208984"
              name="11 - no vary on non-gzipped get"></testcase>
    <testcase name="12 - no vary on non-gzipped head" time="0.000221014022827148"></testcase>
    <testcase time="0.000282049179077148" name="13 - gunzip empty">
      <failure type="TestFailed"
               message="not ok 13 - gunzip empty"><![CDATA[not ok 13 - gunzip empty]]></failure>
    </testcase>
    <testcase name="14 - no alerts" time="0.0139191150665283"></testcase>
    <testcase name="15 - no sanitizer errors" time="0.000308990478515625"></testcase>
    <testcase name="(teardown)" time="0.00409102439880371" />
    <system-out><![CDATA[1..15
ok 1 - runs
ok 2 - no content encoding
not ok 3 - correct gunzipped response
not ok 4 - gzip still works - encoding
not ok 5 - gzip still works - content
not ok 6 - multiple gzip members
not ok 7 - errors gunzipped
ok 8 - head - no content encoding
not ok 9 - get vary
not ok 10 - head vary
ok 11 - no vary on non-gzipped get
ok 12 - no vary on non-gzipped head
not ok 13 - gunzip empty
ok 14 - no alerts
ok 15 - no sanitizer errors
]]></system-out>
    <system-err><![CDATA[Dubious, test returned 8 (wstat 2048, 0x800)
]]></system-err>
    <error message="Dubious, test returned 8 (wstat 2048, 0x800)" />
  </testsuite>
  <testsuite time="0.0776619911193848"
             failures="0"
             errors="0"
             name="gunzip_memcached_t"
             tests="0">
    <testcase time="0.0760340690612793" name="(init)" />
    <testcase name="(teardown)" time="0.00162792205810547" />
    <system-out><![CDATA[1..0 # SKIP Cache::Memcached not installed
]]></system-out>
    <system-err></system-err>
  </testsuite>
  <testsuite failures="0"
             time="0.263514995574951"
             tests="4"
             name="gunzip_perl_t"
             errors="0">
    <testcase time="0.106297969818115" name="(init)" />
    <testcase name="1 - perl response gzipped" time="0.13322114944458"></testcase>
    <testcase name="2 - perl response gunzipped" time="0.00169801712036133"></testcase>
    <testcase time="0.019495964050293" name="3 - no alerts"></testcase>
    <testcase name="4 - no sanitizer errors" time="0.00067591667175293"></testcase>
    <testcase time="0.00212597846984863" name="(teardown)" />
    <system-out><![CDATA[1..4
ok 1 - perl response gzipped
ok 2 - perl response gunzipped
ok 3 - no alerts
ok 4 - no sanitizer errors
]]></system-out>
    <system-err></system-err>
  </testsuite>
  <testsuite errors="1"
             tests="6"
             name="gunzip_ssi_t"
             time="0.236817121505737"
             failures="2">
    <testcase name="(init)" time="0.100528001785278" />
    <testcase time="0.110579967498779"
              name="1 - no content encoding"></testcase>
    <testcase name="2 - correct gunzipped response" time="0.000494956970214844">
      <failure type="TestFailed"
               message="not ok 2 - correct gunzipped response"><![CDATA[not ok 2 - correct gunzipped response]]></failure>
    </testcase>
    <testcase time="0.00208306312561035"
              name="3 - gzip - no content encoding"></testcase>
    <testcase time="0.000308990478515625"
              name="4 - gzip - correct gunzipped response">
      <failure type="TestFailed"
               message="not ok 4 - gzip - correct gunzipped response"><![CDATA[not ok 4 - gzip - correct gunzipped response]]></failure>
    </testcase>
    <testcase name="5 - no alerts" time="0.0197761058807373"></testcase>
    <testcase name="6 - no sanitizer errors" time="0.000540971755981445"></testcase>
    <testcase name="(teardown)" time="0.00250506401062012" />
    <system-out><![CDATA[1..6
ok 1 - no content encoding
not ok 2 - correct gunzipped response
ok 3 - gzip - no content encoding
not ok 4 - gzip - correct gunzipped response
ok 5 - no alerts
ok 6 - no sanitizer errors
]]></system-out>
    <system-err><![CDATA[Dubious, test returned 2 (wstat 512, 0x200)
]]></system-err>
    <error message="Dubious, test returned 2 (wstat 512, 0x200)" />
  </testsuite>
  <testsuite name="gunzip_static_t"
             tests="14"
             errors="1"
             failures="8"
             time="0.278478860855103">
    <testcase time="0.225091934204102" name="(init)" />
    <testcase name="1 - runs" time="0.000474929809570312"></testcase>
    <testcase name="2 - correct gunzipped response" time="0.00113916397094727">
      <failure message="not ok 2 - correct gunzipped response"
               type="TestFailed"><![CDATA[not ok 2 - correct gunzipped response]]></failure>
    </testcase>
    <testcase time="0.00277996063232422" name="3 - gzip still works">
      <failure type="TestFailed"
               message="not ok 3 - gzip still works"><![CDATA[not ok 3 - gzip still works]]></failure>
    </testcase>
    <testcase time="0.00357294082641602" name="4 - gunzip with gzip_tested">
      <failure type="TestFailed"
               message="not ok 4 - gunzip with gzip_tested"><![CDATA[not ok 4 - gunzip with gzip_tested]]></failure>
    </testcase>
    <testcase time="0.00190305709838867"
              name="5 - gzip still works with gzip_tested">
      <failure message="not ok 5 - gzip still works with gzip_tested"
               type="TestFailed"><![CDATA[not ok 5 - gzip still works with gzip_tested]]></failure>
    </testcase>
    <testcase name="6 - multiple gzip members" time="0.00330495834350586">
      <failure type="TestFailed"
               message="not ok 6 - multiple gzip members"><![CDATA[not ok 6 - multiple gzip members]]></failure>
    </testcase>
    <testcase name="7 - errors gunzipped" time="0.00423192977905273">
      <failure message="not ok 7 - errors gunzipped"
               type="TestFailed"><![CDATA[not ok 7 - errors gunzipped]]></failure>
    </testcase>
    <testcase time="0.00263214111328125"
              name="8 - head - no content encoding"></testcase>
    <testcase name="9 - get vary" time="0.00139880180358887">
      <failure type="TestFailed"
               message="not ok 9 - get vary"><![CDATA[not ok 9 - get vary]]></failure>
    </testcase>
    <testcase name="10 - head vary" time="0.00258016586303711">
      <failure type="TestFailed"
               message="not ok 10 - head vary"><![CDATA[not ok 10 - head vary]]></failure>
    </testcase>
    <testcase name="11 - no vary on non-gzipped get" time="0.00317597389221191"></testcase>
    <testcase time="0.0016930103302002"
              name="12 - no vary on non-gzipped head"></testcase>
    <testcase time="0.0205440521240234" name="13 - no alerts"></testcase>
    <testcase time="0.000710010528564453"
              name="14 - no sanitizer errors"></testcase>
    <testcase name="(teardown)" time="0.00324583053588867" />
    <system-out><![CDATA[1..14
ok 1 - runs
not ok 2 - correct gunzipped response
not ok 3 - gzip still works
not ok 4 - gunzip with gzip_tested
not ok 5 - gzip still works with gzip_tested
not ok 6 - multiple gzip members
not ok 7 - errors gunzipped
ok 8 - head - no content encoding
not ok 9 - get vary
not ok 10 - head vary
ok 11 - no vary on non-gzipped get
ok 12 - no vary on non-gzipped head
ok 13 - no alerts
ok 14 - no sanitizer errors
]]></system-out>
    <system-err><![CDATA[Dubious, test returned 8 (wstat 2048, 0x800)
]]></system-err>
    <error message="Dubious, test returned 8 (wstat 2048, 0x800)" />
  </testsuite>
  <testsuite errors="1"
             tests="10"
             name="gzip_t"
             time="0.274940013885498"
             failures="2">
    <testcase name="(init)" time="0.104892015457153" />
    <testcase name="1 - gzip" time="0.115598917007446"></testcase>
    <testcase name="2 - gzip content correct" time="0.0219390392303467">
      <failure type="TestFailed"
               message="not ok 2 - gzip content correct"><![CDATA[not ok 2 - gzip content correct]]></failure>
    </testcase>
    <testcase name="3 - gzip proxied" time="0.00230693817138672"></testcase>
    <testcase time="0.000909090042114258" name="4 - gzip proxied content">
      <failure message="not ok 4 - gzip proxied content"
               type="TestFailed"><![CDATA[not ok 4 - gzip proxied content]]></failure>
    </testcase>
    <testcase name="5 - cleared accept-ranges" time="0.00441098213195801"></testcase>
    <testcase name="6 - cleared headers from proxy" time="0.00218701362609863"></testcase>
    <testcase name="7 - gzip head" time="0.0022280216217041"></testcase>
    <testcase time="0.00146102905273438" name="8 - no gzip head"></testcase>
    <testcase name="9 - no alerts" time="0.0151679515838623"></testcase>
    <testcase name="10 - no sanitizer errors" time="0.000989913940429688"></testcase>
    <testcase name="(teardown)" time="0.00284910202026367" />
    <system-out><![CDATA[1..10
ok 1 - gzip
not ok 2 - gzip content correct
ok 3 - gzip proxied
not ok 4 - gzip proxied content
ok 5 - cleared accept-ranges
ok 6 - cleared headers from proxy
ok 7 - gzip head
ok 8 - no gzip head
ok 9 - no alerts
ok 10 - no sanitizer errors
]]></system-out>
    <system-err><![CDATA[Dubious, test returned 2 (wstat 512, 0x200)
]]></system-err>
    <error message="Dubious, test returned 2 (wstat 512, 0x200)" />
  </testsuite>
  <testsuite time="0.233246088027954"
             failures="0"
             errors="0"
             tests="4"
             name="gzip_flush_t">
    <testcase name="(init)" time="0.0845839977264404" />
    <testcase name="1 - request with flush" time="0.10573410987854"></testcase>
    <testcase time="0.0227420330047607"
              name="2 - gzip request with flush"></testcase>
    <testcase name="3 - no alerts" time="0.0174298286437988"></testcase>
    <testcase name="4 - no sanitizer errors" time="0.000925064086914062"></testcase>
    <testcase time="0.0018310546875" name="(teardown)" />
    <system-out><![CDATA[1..4
ok 1 - request with flush
ok 2 - gzip request with flush
ok 3 - no alerts
ok 4 - no sanitizer errors
]]></system-out>
    <system-err></system-err>
  </testsuite>
  <testsuite time="0.256922960281372"
             failures="0"
             errors="0"
             name="h2_t"
             tests="0">
    <testcase name="(init)" time="0.227956771850586" />
    <testcase time="0.0289661884307861" name="(teardown)" />
    <system-out><![CDATA[1..0 # SKIP no http_v2 available
]]></system-out>
    <system-err></system-err>
  </testsuite>
  <testsuite errors="0"
             tests="0"
             name="h2_cache_t"
             time="0.161339998245239"
             failures="0">
    <testcase time="0.158401012420654" name="(init)" />
    <testcase name="(teardown)" time="0.00293898582458496" />
    <system-out><![CDATA[1..0 # SKIP no http_v2 available
]]></system-out>
    <system-err></system-err>
  </testsuite>
  <testsuite time="0.14919900894165"
             failures="0"
             errors="0"
             name="h2_fastcgi_request_buffering_t"
             tests="0">
    <testcase time="0.148007154464722" name="(init)" />
    <testcase name="(teardown)" time="0.00119185447692871" />
    <system-out><![CDATA[1..0 # SKIP no http_v2 available
]]></system-out>
    <system-err></system-err>
  </testsuite>
  <testsuite failures="0"
             time="0.180613040924072"
             tests="0"
             name="h2_headers_t"
             errors="0">
    <testcase time="0.174954891204834" name="(init)" />
    <testcase name="(teardown)" time="0.00565814971923828" />
    <system-out><![CDATA[1..0 # SKIP no http_v2 available
]]></system-out>
    <system-err></system-err>
  </testsuite>
  <testsuite errors="0"
             tests="0"
             name="h2_limit_conn_t"
             time="0.146142959594727"
             failures="0">
    <testcase time="0.142438888549805" name="(init)" />
    <testcase name="(teardown)" time="0.00370407104492188" />
    <system-out><![CDATA[1..0 # SKIP no http_v2 available
]]></system-out>
    <system-err></system-err>
  </testsuite>
  <testsuite tests="0"
             name="h2_limit_req_t"
             errors="0"
             failures="0"
             time="0.160192012786865">
    <testcase name="(init)" time="0.157111883163452" />
    <testcase name="(teardown)" time="0.00308012962341309" />
    <system-out><![CDATA[1..0 # SKIP no http_v2 available
]]></system-out>
    <system-err></system-err>
  </testsuite>
  <testsuite tests="0"
             name="h2_priority_t"
             errors="0"
             failures="0"
             time="0.154288053512573">
    <testcase name="(init)" time="0.148090124130249" />
    <testcase name="(teardown)" time="0.00619792938232422" />
    <system-out><![CDATA[1..0 # SKIP no http_v2 available
]]></system-out>
    <system-err></system-err>
  </testsuite>
  <testsuite time="0.153414011001587"
             failures="0"
             errors="0"
             name="h2_proxy_protocol_t"
             tests="0">
    <testcase time="0.15009593963623" name="(init)" />
    <testcase time="0.00331807136535645" name="(teardown)" />
    <system-out><![CDATA[1..0 # SKIP no http_v2 available
]]></system-out>
    <system-err></system-err>
  </testsuite>
  <testsuite errors="0"
             tests="0"
             name="h2_proxy_request_buffering_t"
             time="0.182384967803955"
             failures="0">
    <testcase name="(init)" time="0.177181959152222" />
    <testcase time="0.0052030086517334" name="(teardown)" />
    <system-out><![CDATA[1..0 # SKIP no http_v2 available
]]></system-out>
    <system-err></system-err>
  </testsuite>
  <testsuite failures="0"
             time="0.150897026062012"
             tests="0"
             name="h2_proxy_request_buffering_ssl_t"
             errors="0">
    <testcase name="(init)" time="0.146809101104736" />
    <testcase name="(teardown)" time="0.00408792495727539" />
    <system-out><![CDATA[1..0 # SKIP no http_v2 available
]]></system-out>
    <system-err></system-err>
  </testsuite>
  <testsuite failures="0"
             time="0.158354997634888"
             name="h2_proxy_ssl_t"
             tests="0"
             errors="0">
    <testcase name="(init)" time="0.155396938323975" />
    <testcase time="0.00295805931091309" name="(teardown)" />
    <system-out><![CDATA[1..0 # SKIP no http_v2 available
]]></system-out>
    <system-err></system-err>
  </testsuite>
  <testsuite failures="0"
             time="0.121752023696899"
             name="h2_request_body_t"
             tests="0"
             errors="0">
    <testcase name="(init)" time="0.11962103843689" />
    <testcase name="(teardown)" time="0.00213098526000977" />
    <system-out><![CDATA[1..0 # SKIP no http_v2 available
]]></system-out>
    <system-err></system-err>
  </testsuite>
  <testsuite errors="0"
             name="h2_server_tokens_t"
             tests="0"
             time="0.109698057174683"
             failures="0">
    <testcase time="0.106765985488892" name="(init)" />
    <testcase time="0.00293207168579102" name="(teardown)" />
    <system-out><![CDATA[1..0 # SKIP no http_v2 available
]]></system-out>
    <system-err></system-err>
  </testsuite>
  <testsuite failures="0"
             time="0.145662069320679"
             name="h2_ssl_t"
             tests="0"
             errors="0">
    <testcase name="(init)" time="0.143332958221436" />
    <testcase name="(teardown)" time="0.00232911109924316" />
    <system-out><![CDATA[1..0 # SKIP no http_v2 available
]]></system-out>
    <system-err></system-err>
  </testsuite>
  <testsuite tests="0"
             name="h2_variables_t"
             errors="0"
             failures="0"
             time="0.128798007965088">
    <testcase time="0.126857995986938" name="(init)" />
    <testcase time="0.00194001197814941" name="(teardown)" />
    <system-out><![CDATA[1..0 # SKIP no http_v2 available
]]></system-out>
    <system-err></system-err>
  </testsuite>
  <testsuite failures="17"
             time="0.280370950698853"
             tests="29"
             name="headers_t"
             errors="1">
    <testcase time="0.0775899887084961" name="(init)" />
    <testcase name="1 - good expires" time="0.103774070739746">
      <failure message="not ok 1 - good expires"
               type="TestFailed"><![CDATA[not ok 1 - good expires]]></failure>
    </testcase>
    <testcase name="2 - good add_header" time="0.000142812728881836">
      <failure message="not ok 2 - good add_header"
               type="TestFailed"><![CDATA[not ok 2 - good add_header]]></failure>
    </testcase>
    <testcase name="3 - good add_header always" time="0.00192904472351074"></testcase>
    <testcase time="0.00148797035217285"
              name="4 - good add_header always empty">
      <failure type="TestFailed"
               message="not ok 4 - good add_header always empty"><![CDATA[not ok 4 - good add_header always empty]]></failure>
    </testcase>
    <testcase name="5 - bad expires" time="0.00132298469543457"></testcase>
    <testcase time="0.000744104385375977" name="6 - bad add_header"></testcase>
    <testcase name="7 - bad add_header always" time="0.00026392936706543"></testcase>
    <testcase name="8 - bad add_header always empty" time="0.000144004821777344"></testcase>
    <testcase name="9 - expires epoch" time="0.00241708755493164">
      <failure message="not ok 9 - expires epoch"
               type="TestFailed"><![CDATA[not ok 9 - expires epoch]]></failure>
    </testcase>
    <testcase time="0.000128984451293945" name="10 - expires max">
      <failure type="TestFailed"
               message="not ok 10 - expires max"><![CDATA[not ok 10 - expires max]]></failure>
    </testcase>
    <testcase time="0.00127911567687988" name="11 - expires off"></testcase>
    <testcase time="0.00391387939453125" name="12 - expires access">
      <failure type="TestFailed"
               message="not ok 12 - expires access"><![CDATA[not ok 12 - expires access]]></failure>
    </testcase>
    <testcase time="0.00234889984130859" name="13 - expires inner">
      <failure message="not ok 13 - expires inner"
               type="TestFailed"><![CDATA[not ok 13 - expires inner]]></failure>
    </testcase>
    <testcase time="0.00506901741027832" name="14 - expires negative">
      <failure message="not ok 14 - expires negative"
               type="TestFailed"><![CDATA[not ok 14 - expires negative]]></failure>
    </testcase>
    <testcase time="0.00226998329162598" name="15 - expires daily">
      <failure message="not ok 15 - expires daily"
               type="TestFailed"><![CDATA[not ok 15 - expires daily]]></failure>
[...]
not ok 26 - complex string long # TODO not yet
#   Failed (TODO) test 'complex string long'
#   at ./sub_filter.t line 147.
#                   'HTTP/1.1 200 OK
# Server: nginx/1.8.1
# Date: Mon, 16 May 2016 20:38:04 GMT
# Content-Type: text/plain
# Connection: close
# 
# Xabcdefghijklmnopq'
#     doesn't match '(?^:_replaced)'
ok 27 - complex replacement
ok 28 - no last modified
not ok 29 - last modified
not ok 30 - last modified weak
ok 31 - no alerts
ok 32 - no sanitizer errors
]]></system-out>
    <system-err><![CDATA[Dubious, test returned 5 (wstat 1280, 0x500)
]]></system-err>
    <error message="Dubious, test returned 5 (wstat 1280, 0x500)" />
  </testsuite>
  <testsuite time="0.0705490112304688"
             failures="0"
             errors="0"
             tests="0"
             name="sub_filter_merge_t">
    <testcase time="0.0690538883209229" name="(init)" />
    <testcase time="0.0014951229095459" name="(teardown)" />
    <system-out><![CDATA[1..0 # SKIP leaves coredump
]]></system-out>
    <system-err></system-err>
  </testsuite>
  <testsuite errors="0"
             tests="0"
             name="sub_filter_multi_t"
             time="0.295408964157104"
             failures="0">
    <testcase time="0.283679008483887" name="(init)" />
    <testcase time="0.0117299556732178" name="(teardown)" />
    <system-out><![CDATA[1..0 # SKIP no multiple sub_filter
]]></system-out>
    <system-err></system-err>
  </testsuite>
  <testsuite tests="0"
             name="sub_filter_multi2_t"
             errors="0"
             failures="0"
             time="0.288019895553589">
    <testcase time="0.284040927886963" name="(init)" />
    <testcase time="0.00397896766662598" name="(teardown)" />
    <system-out><![CDATA[1..0 # SKIP no multiple sub_filter
]]></system-out>
    <system-err></system-err>
  </testsuite>
  <testsuite time="0.230383157730103"
             failures="0"
             errors="0"
             tests="24"
             name="sub_filter_perl_t">
    <testcase time="0.0754721164703369" name="(init)" />
    <testcase name="1 - flush" time="0.103820085525513"></testcase>
    <testcase time="0.00161099433898926" name="2 - aab in a + ab"></testcase>
    <testcase time="0.00129485130310059" name="3 - aab in a + aaab"></testcase>
    <testcase name="4 - aab in a + aab" time="0.00202107429504395"></testcase>
    <testcase name="5 - aab in a + aaaab" time="0.0012059211730957"></testcase>
    <testcase name="6 - aab in aa + ab" time="0.0013730525970459"></testcase>
    <testcase time="0.00109291076660156" name="7 - aab in aa + aab"></testcase>
    <testcase time="0.00126218795776367" name="8 - aab in aa + aaab"></testcase>
    <testcase time="0.00159287452697754"
              name="9 - aab in aa + aaaab"></testcase>
    <testcase name="10 - aab in aa + xaaab" time="0.00153803825378418"></testcase>
    <testcase time="0.00124502182006836"
              name="11 - aab in aa + axaaab"></testcase>
    <testcase time="0.00147485733032227"
              name="12 - aab in aa + aaxaaab"></testcase>
    <testcase name="13 - ab in a + b" time="0.00102519989013672"></testcase>
    <testcase name="14 - ab in a + ab" time="0.00174283981323242"></testcase>
    <testcase name="15 - ab in a + aab" time="0.00115299224853516"></testcase>
    <testcase name="16 - ab in a + aaab" time="0.00118112564086914"></testcase>
    <testcase name="17 - ab in a + aaaab" time="0.00117802619934082"></testcase>
    <testcase name="18 - ab in aa + b" time="0.00114583969116211"></testcase>
    <testcase time="0.00129508972167969" name="19 - ab in aa + ab"></testcase>
    <testcase time="0.00116991996765137" name="20 - ab in aa + aab"></testcase>
    <testcase name="21 - ab in aa + aaab" time="0.00113201141357422"></testcase>
    <testcase time="0.00117897987365723"
              name="22 - ab in aa + aaaab"></testcase>
    <testcase name="23 - no alerts" time="0.0199151039123535"></testcase>
    <testcase name="24 - no sanitizer errors" time="0.000755071640014648"></testcase>
    <testcase time="0.00250697135925293" name="(teardown)" />
    <system-out><![CDATA[1..24
ok 1 - flush
ok 2 - aab in a + ab
ok 3 - aab in a + aaab
ok 4 - aab in a + aab
ok 5 - aab in a + aaaab
ok 6 - aab in aa + ab
ok 7 - aab in aa + aab
ok 8 - aab in aa + aaab
ok 9 - aab in aa + aaaab
ok 10 - aab in aa + xaaab
ok 11 - aab in aa + axaaab
ok 12 - aab in aa + aaxaaab
ok 13 - ab in a + b
ok 14 - ab in a + ab
ok 15 - ab in a + aab
ok 16 - ab in a + aaab
ok 17 - ab in a + aaaab
ok 18 - ab in aa + b
ok 19 - ab in aa + ab
ok 20 - ab in aa + aab
ok 21 - ab in aa + aaab
ok 22 - ab in aa + aaaab
ok 23 - no alerts
ok 24 - no sanitizer errors
]]></system-out>
    <system-err></system-err>
  </testsuite>
  <testsuite errors="1"
             tests="4"
             name="sub_filter_ssi_t"
             time="0.201135158538818"
             failures="2">
    <testcase name="(init)" time="0.0727851390838623" />
    <testcase time="0.105293989181519" name="1 - subrequest partial match">
      <failure type="TestFailed"
               message="not ok 1 - subrequest partial match"><![CDATA[not ok 1 - subrequest partial match]]></failure>
    </testcase>
    <testcase name="2 - partial match and xslt" time="0.0036919116973877">
      <failure message="not ok 2 - partial match and xslt"
               type="TestFailed"><![CDATA[not ok 2 - partial match and xslt]]></failure>
    </testcase>
    <testcase time="0.016974925994873" name="3 - no alerts"></testcase>
    <testcase name="4 - no sanitizer errors" time="0.000332117080688477"></testcase>
    <testcase time="0.00205707550048828" name="(teardown)" />
    <system-out><![CDATA[1..4
not ok 1 - subrequest partial match
not ok 2 - partial match and xslt
ok 3 - no alerts
ok 4 - no sanitizer errors
]]></system-out>
    <system-err><![CDATA[Dubious, test returned 2 (wstat 512, 0x200)
]]></system-err>
    <error message="Dubious, test returned 2 (wstat 512, 0x200)" />
  </testsuite>
  <testsuite tests="0"
             name="syslog_t"
             errors="0"
             failures="0"
             time="0.37732720375061">
    <testcase name="(init)" time="0.373037099838257" />
    <testcase name="(teardown)" time="0.00429010391235352" />
    <system-out><![CDATA[1..0 # SKIP no syslog nohostname
]]></system-out>
    <system-err></system-err>
  </testsuite>
  <testsuite failures="0"
             time="0.280627012252808"
             tests="5"
             name="upstream_t"
             errors="0">
    <testcase name="(init)" time="0.0664830207824707" />
    <testcase time="0.144901990890503" name="1 - balanced"></testcase>
    <testcase name="2 - failures" time="0.0416638851165771"></testcase>
    <testcase time="0.000513076782226562" name="3"></testcase>
    <testcase name="4 - no alerts" time="0.0229170322418213"></testcase>
    <testcase name="5 - no sanitizer errors" time="0.00136995315551758"></testcase>
    <testcase time="0.00277805328369141" name="(teardown)" />
    <system-out><![CDATA[1..5
ok 1 - balanced
ok 2 - failures
ok 3 # skip long test
ok 4 - no alerts
ok 5 - no sanitizer errors
]]></system-out>
    <system-err></system-err>
  </testsuite>
  <testsuite errors="0"
             tests="13"
             name="upstream_hash_t"
             time="0.42114520072937"
             failures="0">
    <testcase name="(init)" time="0.0724861621856689" />
    <testcase name="1 - inconsistent" time="0.147764921188354"></testcase>
    <testcase time="0.0374720096588135" name="2 - consistent"></testcase>
    <testcase time="0.0342190265655518"
              name="3 - consistent weight"></testcase>
    <testcase time="0.00894689559936523" name="4 - stable hash"></testcase>
    <testcase name="5 - stable hash - consistent" time="0.00992298126220703"></testcase>
    <testcase name="6 - all hashed peers" time="0.0138370990753174"></testcase>
    <testcase name="7 - no proxy_next_upstream" time="0.0104811191558838"></testcase>
    <testcase name="8 - no proxy_next_upstream peers" time="0.000594854354858398"></testcase>
    <testcase time="0.00921797752380371"
              name="9 - proxy_next_upstream peers"></testcase>
    <testcase name="10 - all hashed peers - bad" time="0.0252010822296143"></testcase>
    <testcase time="0.0172770023345947"
              name="11 - all hashed peers - bad consistent"></testcase>
    <testcase name="12 - no alerts" time="0.025892972946167"></testcase>
    <testcase name="13 - no sanitizer errors" time="0.00484704971313477"></testcase>
    <testcase time="0.00298404693603516" name="(teardown)" />
    <system-out><![CDATA[1..13
ok 1 - inconsistent
ok 2 - consistent
ok 3 - consistent weight
ok 4 - stable hash
ok 5 - stable hash - consistent
ok 6 - all hashed peers
ok 7 - no proxy_next_upstream
ok 8 - no proxy_next_upstream peers
ok 9 - proxy_next_upstream peers
ok 10 - all hashed peers - bad
ok 11 - all hashed peers - bad consistent
ok 12 - no alerts
ok 13 - no sanitizer errors
]]></system-out>
    <system-err></system-err>
  </testsuite>
  <testsuite name="upstream_hash_memcached_t"
             tests="0"
             errors="0"
             failures="0"
             time="0.0625219345092773">
    <testcase name="(init)" time="0.0612900257110596" />
    <testcase time="0.00123190879821777" name="(teardown)" />
    <system-out><![CDATA[1..0 # SKIP Cache::Memcached not installed
]]></system-out>
    <system-err></system-err>
  </testsuite>
  <testsuite errors="0"
             tests="4"
             name="upstream_ip_hash_t"
             time="0.245174169540405"
             failures="0">
    <testcase name="(init)" time="0.17412805557251" />
    <testcase time="0.0211670398712158" name="1 - ip_hash"></testcase>
    <testcase time="0.0319700241088867" name="2 - ip_hash 3 peers"></testcase>
    <testcase name="3 - no alerts" time="0.0136640071868896"></testcase>
    <testcase name="4 - no sanitizer errors" time="0.00137686729431152"></testcase>
    <testcase time="0.0028681755065918" name="(teardown)" />
    <system-out><![CDATA[1..4
ok 1 - ip_hash
ok 2 - ip_hash 3 peers
ok 3 - no alerts
ok 4 - no sanitizer errors
]]></system-out>
    <system-err></system-err>
  </testsuite>
  <testsuite time="0.422512054443359"
             failures="0"
             errors="0"
             tests="4"
             name="upstream_least_conn_t">
    <testcase time="0.065230131149292" name="(init)" />
    <testcase time="0.115689992904663" name="1 - balanced"></testcase>
    <testcase time="0.215250968933105" name="2 - least conn"></testcase>
    <testcase name="3 - no alerts" time="0.0235440731048584"></testcase>
    <testcase name="4 - no sanitizer errors" time="0.000767946243286133"></testcase>
    <testcase name="(teardown)" time="0.0020289421081543" />
    <system-out><![CDATA[1..4
ok 1 - balanced
ok 2 - least conn
ok 3 - no alerts
ok 4 - no sanitizer errors
]]></system-out>
    <system-err></system-err>
  </testsuite>
  <testsuite failures="0"
             time="0.333738088607788"
             tests="0"
             name="upstream_zone_ssl_t"
             errors="0">
    <testcase name="(init)" time="0.326967000961304" />
    <testcase time="0.00677108764648438" name="(teardown)" />
    <system-out><![CDATA[1..0 # SKIP no upstream zone
]]></system-out>
    <system-err></system-err>
  </testsuite>
  <testsuite name="userid_t"
             tests="35"
             errors="1"
             failures="6"
             time="0.253193855285645">
    <testcase name="(init)" time="0.0861928462982178" />
    <testcase name="1 - cookie on" time="0.105006217956543"></testcase>
    <testcase name="2 - cookie v1" time="0.000844955444335938"></testcase>
    <testcase name="3 - cookie log" time="0.00085902214050293"></testcase>
    <testcase time="0.000995874404907227" name="4 - cookie off"></testcase>
    <testcase name="5 - name default" time="0.000816106796264648"></testcase>
    <testcase time="0.000844955444335938" name="6 - path default"></testcase>
    <testcase time="0.000185966491699219" name="7 - domain default"></testcase>
    <testcase name="8 - expires default" time="0.000250101089477539"></testcase>
    <testcase name="9 - mark default" time="0.000241994857788086"></testcase>
    <testcase time="0.000835895538330078" name="10 - p3p default"></testcase>
    <testcase name="11 - uid reset variable default" time="0.00182890892028809">
      <failure type="TestFailed"
               message="not ok 11 - uid reset variable default"><![CDATA[not ok 11 - uid reset variable default]]></failure>
    </testcase>
    <testcase time="0.00208806991577148" name="12 - name"></testcase>
    <testcase name="13 - path" time="0.000872135162353516"></testcase>
    <testcase time="0.000680923461914062" name="14 - domain"></testcase>
    <testcase name="15 - p3p" time="0.000753879547119141"></testcase>
    <testcase time="0.000722169876098633" name="16 - mark off"></testcase>
    <testcase name="17 - mark equal" time="0.000895977020263672"></testcase>
    <testcase name="18 - mark letter" time="0.000798940658569336"></testcase>
    <testcase name="19 - mark number" time="0.000782966613769531"></testcase>
    <testcase name="20 - expires time" time="0.00107812881469727">
      <failure type="TestFailed"
               message="not ok 20 - expires time"><![CDATA[not ok 20 - expires time]]></failure>
    </testcase>
    <testcase name="21 - expires max" time="0.00188493728637695"></testcase>
    <testcase time="0.00235104560852051" name="22 - expires off"></testcase>
    <testcase time="0.00130987167358398"
              name="23 - redefine expires"></testcase>
    <testcase name="24 - redefine path" time="0.00217294692993164"></testcase>
    <testcase name="25 - uid set variable" time="0.00109314918518066">
      <failure type="TestFailed"
               message="not ok 25 - uid set variable"><![CDATA[not ok 25 - uid set variable]]></failure>
    </testcase>
    <testcase name="26 - uid got variable" time="0.00183892250061035"></testcase>
    <testcase name="27 - same path request" time="0.000338077545166016"></testcase>
    <testcase name="28 - other path request" time="0.000673055648803711"></testcase>
    <testcase time="0.00141692161560059"
              name="29 - uid reset variable value"></testcase>
    <testcase time="0.00166702270507812" name="30 - service default v1">
      <failure message="not ok 30 - service default v1"
               type="TestFailed"><![CDATA[not ok 30 - service default v1]]></failure>
    </testcase>
    <testcase name="31 - service default v2" time="0.00568485260009766">
      <failure message="not ok 31 - service default v2"
               type="TestFailed"><![CDATA[not ok 31 - service default v2]]></failure>
    </testcase>
    <testcase name="32 - service custom" time="0.00360918045043945">
      <failure message="not ok 32 - service custom"
               type="TestFailed"><![CDATA[not ok 32 - service custom]]></failure>
    </testcase>
    <testcase time="0.0182938575744629"
              name="33 - uid reset variable log"></testcase>
    <testcase time="0.000214099884033203" name="34 - no alerts"></testcase>
    <testcase time="0.000101089477539062"
              name="35 - no sanitizer errors"></testcase>
    <testcase time="0.00296878814697266" name="(teardown)" />
    <system-out><![CDATA[1..35
ok 1 - cookie on
ok 2 - cookie v1
ok 3 - cookie log
ok 4 - cookie off
ok 5 - name default
ok 6 - path default
ok 7 - domain default
ok 8 - expires default
ok 9 - mark default
ok 10 - p3p default
not ok 11 - uid reset variable default
ok 12 - name
ok 13 - path
ok 14 - domain
ok 15 - p3p
ok 16 - mark off
ok 17 - mark equal
ok 18 - mark letter
ok 19 - mark number
not ok 20 - expires time
ok 21 - expires max
ok 22 - expires off
ok 23 - redefine expires
ok 24 - redefine path
not ok 25 - uid set variable
ok 26 - uid got variable
ok 27 - same path request
ok 28 - other path request
ok 29 - uid reset variable value
not ok 30 - service default v1
not ok 31 - service default v2
not ok 32 - service custom
ok 33 - uid reset variable log
ok 34 - no alerts
ok 35 - no sanitizer errors
]]></system-out>
    <system-err><![CDATA[Dubious, test returned 6 (wstat 1536, 0x600)
]]></system-err>
    <error message="Dubious, test returned 6 (wstat 1536, 0x600)" />
  </testsuite>
  <testsuite errors="0"
             tests="0"
             name="uwsgi_t"
             time="0.0790121555328369"
             failures="0">
    <testcase name="(init)" time="0.0772101879119873" />
    <testcase name="(teardown)" time="0.00180196762084961" />
    <system-out><![CDATA[1..0 # SKIP uwsgi not found
]]></system-out>
    <system-err></system-err>
  </testsuite>
  <testsuite errors="1"
             name="xslt_t"
             tests="7"
             time="0.20831298828125"
             failures="5">
    <testcase name="(init)" time="0.0696239471435547" />
    <testcase time="0.106220006942749" name="1 - simple">
      <failure message="not ok 1 - simple"
               type="TestFailed"><![CDATA[not ok 1 - simple]]></failure>
    </testcase>
    <testcase name="2 - content type" time="0.0029289722442627">
      <failure type="TestFailed"
               message="not ok 2 - content type"><![CDATA[not ok 2 - content type]]></failure>
    </testcase>
    <testcase time="0.00299692153930664" name="3 - params">
      <failure message="not ok 3 - params"
               type="TestFailed"><![CDATA[not ok 3 - params]]></failure>
    </testcase>
    <testcase time="0.00113701820373535" name="4 - entities">
      <failure type="TestFailed"
               message="not ok 4 - entities"><![CDATA[not ok 4 - entities]]></failure>
    </testcase>
    <testcase time="0.00643801689147949" name="5 - several stylesheets">
      <failure message="not ok 5 - several stylesheets"
               type="TestFailed"><![CDATA[not ok 5 - several stylesheets]]></failure>
    </testcase>
    <testcase name="6 - no alerts" time="0.0156400203704834"></testcase>
    <testcase name="7 - no sanitizer errors" time="0.000299930572509766"></testcase>
    <testcase name="(teardown)" time="0.00302815437316895" />
    <system-out><![CDATA[1..7
not ok 1 - simple
not ok 2 - content type
not ok 3 - params
not ok 4 - entities
not ok 5 - several stylesheets
ok 6 - no alerts
ok 7 - no sanitizer errors
]]></system-out>
    <system-err><![CDATA[Dubious, test returned 5 (wstat 1280, 0x500)
]]></system-err>
    <error message="Dubious, test returned 5 (wstat 1280, 0x500)" />
  </testsuite>
  <testsuite errors="1"
             name="xslt_params_t"
             tests="5"
             time="0.208441019058228"
             failures="3">
    <testcase name="(init)" time="0.172118186950684" />
    <testcase name="1 - params from xslt_stylesheet" time="0.00248193740844727">
      <failure message="not ok 1 - params from xslt_stylesheet"
               type="TestFailed"><![CDATA[not ok 1 - params from xslt_stylesheet]]></failure>
    </testcase>
    <testcase time="0.00755500793457031"
              name="2 - params from xslt_param/xslt_string_param">
      <failure message="not ok 2 - params from xslt_param/xslt_string_param"
               type="TestFailed"><![CDATA[not ok 2 - params from xslt_param/xslt_string_param]]></failure>
    </testcase>
    <testcase name="3 - mixed" time="0.00984096527099609">
      <failure message="not ok 3 - mixed"
               type="TestFailed"><![CDATA[not ok 3 - mixed]]></failure>
    </testcase>
    <testcase name="4 - no alerts" time="0.0137131214141846"></testcase>
    <testcase name="5 - no sanitizer errors" time="0.000420808792114258"></testcase>
    <testcase time="0.00231099128723145" name="(teardown)" />
    <system-out><![CDATA[1..5
not ok 1 - params from xslt_stylesheet
not ok 2 - params from xslt_param/xslt_string_param
not ok 3 - mixed
ok 4 - no alerts
ok 5 - no sanitizer errors
]]></system-out>
    <system-err><![CDATA[Dubious, test returned 3 (wstat 768, 0x300)
]]></system-err>
    <error message="Dubious, test returned 3 (wstat 768, 0x300)" />
  </testsuite>
</testsuites>